<?xml version="1.0" encoding="UTF-8"?>
<robot generator="Robot 4.1.2 (Python 3.10.0 on win32)" generated="20220204 09:49:44.279" rpa="false" schemaversion="2">
<suite id="s1" name="Cenario1" source="C:\Users\radek\Documents\GitHub\SISCON_SmokeTest\tests\cenario1.robot">
<test id="s1-t1" name="Cenário 3: Validar criação outage com abertura manual de chave">
<kw name="Add Needed Image Path" library="base" type="SETUP">
<kw name="Add Image Path" library="SikuliLibrary">
<arg>${IMAGE_DIR}</arg>
<doc>Add image path</doc>
<status status="PASS" starttime="20220204 09:49:47.265" endtime="20220204 09:49:47.285"/>
</kw>
<status status="PASS" starttime="20220204 09:49:47.264" endtime="20220204 09:49:47.285"/>
</kw>
<kw name="Dado que estou logado no sistema" library="base">
<kw name="Screen Should Contain" library="SikuliLibrary">
<arg>spectrum-conectado.png</arg>
<doc>Screen should contain</doc>
<msg timestamp="20220204 09:49:47.802" level="INFO" html="true">&lt;img src='sikuli_captured/sikuliximage-1643978987794.png'/&gt;</msg>
<status status="PASS" starttime="20220204 09:49:47.286" endtime="20220204 09:49:47.802"/>
</kw>
<status status="PASS" starttime="20220204 09:49:47.286" endtime="20220204 09:49:47.802"/>
</kw>
<kw name="E estou na tela &quot;Lista de Telas&quot;" library="base">
<kw name="Click" library="SikuliLibrary">
<arg>sp7-listaTelas.png</arg>
<doc>Click</doc>
<msg timestamp="20220204 09:49:49.016" level="INFO" html="true">&lt;img src='sikuli_captured/sikuliximage-1643978988107.png'/&gt;
[log] CLICK on L[558,61]@S(0) (571 msec)</msg>
<status status="PASS" starttime="20220204 09:49:47.803" endtime="20220204 09:49:49.016"/>
</kw>
<status status="PASS" starttime="20220204 09:49:47.803" endtime="20220204 09:49:49.019"/>
</kw>
<kw name="Minimiza sp7" library="base">
<kw name="Right Click" library="SikuliLibrary">
<arg>titulo.png</arg>
<doc>Right click</doc>
<msg timestamp="20220204 09:49:50.665" level="INFO" html="true">&lt;img src='sikuli_captured/sikuliximage-1643978989683.png'/&gt;
[log] RIGHT CLICK on L[290,15]@S(0) (568 msec)</msg>
<status status="PASS" starttime="20220204 09:49:49.022" endtime="20220204 09:49:50.665"/>
</kw>
<kw name="Click" library="SikuliLibrary">
<arg>minimizar.png</arg>
<doc>Click</doc>
<msg timestamp="20220204 09:49:52.103" level="INFO" html="true">&lt;img src='sikuli_captured/sikuliximage-1643978991255.png'/&gt;
[log] CLICK on L[343,70]@S(0) (599 msec)</msg>
<status status="PASS" starttime="20220204 09:49:50.665" endtime="20220204 09:49:52.103"/>
</kw>
<status status="PASS" starttime="20220204 09:49:49.020" endtime="20220204 09:49:52.103"/>
</kw>
<kw name="Quando realizo a pesquisa" library="base">
<kw name="Input Text" library="SikuliLibrary">
<arg>sp7-listaTelas-NomeB2.png</arg>
<arg>13TRF</arg>
<doc>Input text.
 Image could be empty</doc>
<msg timestamp="20220204 09:49:53.773" level="INFO">Input Text:
13TRF</msg>
<msg timestamp="20220204 09:49:53.773" level="INFO" html="true">&lt;img src='sikuli_captured/sikuliximage-1643978992356.png'/&gt;
[log] CLICK on L[669,491]@S(0) (577 msec)
[log]  TYPE "13TRF"</msg>
<status status="PASS" starttime="20220204 09:49:52.104" endtime="20220204 09:49:53.774"/>
</kw>
<kw name="Press Special Key" library="SikuliLibrary">
<arg>TAB</arg>
<doc>Press special key
 Presses a special keyboard key.</doc>
<msg timestamp="20220204 09:49:53.888" level="INFO">[log]  TYPE "#TAB."</msg>
<status status="PASS" starttime="20220204 09:49:53.774" endtime="20220204 09:49:53.889"/>
</kw>
<kw name="Paste Text" library="SikuliLibrary">
<arg>sp7-listaTelas-NomeB3.png</arg>
<arg>C00704</arg>
<doc>Paste text. Image could be empty</doc>
<msg timestamp="20220204 09:49:55.120" level="INFO">Paste Text:
C00704</msg>
<msg timestamp="20220204 09:49:55.120" level="INFO" html="true">&lt;img src='sikuli_captured/sikuliximage-1643978994180.png'/&gt;
[log] CLICK on L[606,484]@S(0) (553 msec)</msg>
<status status="PASS" starttime="20220204 09:49:53.889" endtime="20220204 09:49:55.121"/>
</kw>
<kw name="Press Special Key" library="SikuliLibrary">
<arg>ENTER</arg>
<doc>Press special key
 Presses a special keyboard key.</doc>
<msg timestamp="20220204 09:49:55.228" level="INFO">[log]  TYPE "#ENTER."</msg>
<status status="PASS" starttime="20220204 09:49:55.121" endtime="20220204 09:49:55.228"/>
</kw>
<status status="PASS" starttime="20220204 09:49:52.104" endtime="20220204 09:49:55.228"/>
</kw>
<kw name="E clico em chamar" library="base">
<kw name="Click" library="SikuliLibrary">
<arg>sp7-listaTelas-chamar.png</arg>
<doc>Click</doc>
<msg timestamp="20220204 09:49:56.357" level="INFO" html="true">&lt;img src='sikuli_captured/sikuliximage-1643978995525.png'/&gt;
[log] CLICK on L[1149,521]@S(0) (564 msec)</msg>
<status status="PASS" starttime="20220204 09:49:55.229" endtime="20220204 09:49:56.357"/>
</kw>
<kw name="Sleep" library="BuiltIn">
<arg>3</arg>
<doc>Pauses the test executed for the given time.</doc>
<msg timestamp="20220204 09:49:59.371" level="INFO">Slept 3 seconds</msg>
<status status="PASS" starttime="20220204 09:49:56.357" endtime="20220204 09:49:59.371"/>
</kw>
<status status="PASS" starttime="20220204 09:49:55.229" endtime="20220204 09:49:59.371"/>
</kw>
<kw name="E abro chave escolhida" library="base">
<kw name="Right Click" library="SikuliLibrary">
<arg>sp7-listaTelas-chamar-simboloVerde.png</arg>
<doc>Right click</doc>
<msg timestamp="20220204 09:50:00.686" level="INFO" html="true">&lt;img src='sikuli_captured/sikuliximage-1643978999697.png'/&gt;
[log] RIGHT CLICK on L[1378,574]@S(0) (574 msec)</msg>
<status status="PASS" starttime="20220204 09:49:59.373" endtime="20220204 09:50:00.687"/>
</kw>
<kw name="Click" library="SikuliLibrary">
<arg>sp7-listaTelas-chamar-simboloVerde-gerOcorrencia.png</arg>
<doc>Click</doc>
<msg timestamp="20220204 09:50:02.946" level="INFO" html="true">&lt;img src='sikuli_captured/sikuliximage-1643979002015.png'/&gt;
[log] CLICK on L[1549,771]@S(0) (575 msec)</msg>
<status status="PASS" starttime="20220204 09:50:00.687" endtime="20220204 09:50:02.946"/>
</kw>
<kw name="Click" library="SikuliLibrary">
<arg>sp7-listaTelas-chamar-simboloVerde-gerOcorrencia-hist.png</arg>
<doc>Click</doc>
<msg timestamp="20220204 09:50:04.128" level="INFO" html="true">&lt;img src='sikuli_captured/sikuliximage-1643979003245.png'/&gt;
[log] CLICK on L[1764,794]@S(0) (581 msec)</msg>
<status status="PASS" starttime="20220204 09:50:02.946" endtime="20220204 09:50:04.128"/>
</kw>
<kw name="Sleep" library="BuiltIn">
<arg>2</arg>
<doc>Pauses the test executed for the given time.</doc>
<msg timestamp="20220204 09:50:06.129" level="INFO">Slept 2 seconds</msg>
<status status="PASS" starttime="20220204 09:50:04.128" endtime="20220204 09:50:06.129"/>
</kw>
<kw name="Get Image Coordinates" library="SikuliLibrary">
<var>${imageCoordinates}</var>
<arg>sp7-listaTelas-gerenciamento-historico-interno-idOcor.png</arg>
<doc>Get Image Coordinates</doc>
<msg timestamp="20220204 09:50:06.406" level="FAIL">org.sikuli.script.FindFailed: sp7-listaTelas-gerenciamento-historico-interno-idOcor.png: (102x374) in R[0,0 1920x1080]@S(0)</msg>
<status status="FAIL" starttime="20220204 09:50:06.129" endtime="20220204 09:50:06.406"/>
</kw>
<kw name="Get Text" library="SikuliLibrary">
<var>${TEXTO}</var>
<arg>Capture Region</arg>
<arg>${imageCoordinates}</arg>
<doc>Get text</doc>
<status status="NOT RUN" starttime="20220204 09:50:06.406" endtime="20220204 09:50:06.406"/>
</kw>
<kw name="Right Click" library="SikuliLibrary">
<arg>sp7-listaTelas-gerenciamento-historico-titulo.png</arg>
<doc>Right click</doc>
<status status="NOT RUN" starttime="20220204 09:50:06.407" endtime="20220204 09:50:06.407"/>
</kw>
<kw name="Click" library="SikuliLibrary">
<arg>fechar.png</arg>
<doc>Click</doc>
<status status="NOT RUN" starttime="20220204 09:50:06.407" endtime="20220204 09:50:06.407"/>
</kw>
<kw name="Right Click" library="SikuliLibrary">
<arg>sp7-listaTelas-chamar-simboloVerde.png</arg>
<doc>Right click</doc>
<status status="NOT RUN" starttime="20220204 09:50:06.407" endtime="20220204 09:50:06.407"/>
</kw>
<kw name="Click" library="SikuliLibrary">
<arg>sp7-listaTelas-chamar-simboloVerde-abrir.png</arg>
<doc>Click</doc>
<status status="NOT RUN" starttime="20220204 09:50:06.407" endtime="20220204 09:50:06.407"/>
</kw>
<kw name="Input Text" library="SikuliLibrary">
<arg>sp7-listaTelas-chamar-simboloVerde-abrir-cometario.png</arg>
<arg>Automacao</arg>
<doc>Input text.
 Image could be empty</doc>
<status status="NOT RUN" starttime="20220204 09:50:06.407" endtime="20220204 09:50:06.407"/>
</kw>
<status status="FAIL" starttime="20220204 09:49:59.372" endtime="20220204 09:50:06.408"/>
</kw>
<tag>Smoke</tag>
<status status="FAIL" starttime="20220204 09:49:47.264" endtime="20220204 09:50:06.409">org.sikuli.script.FindFailed: sp7-listaTelas-gerenciamento-historico-interno-idOcor.png: (102x374) in R[0,0 1920x1080]@S(0)</status>
</test>
<status status="FAIL" starttime="20220204 09:49:44.280" endtime="20220204 09:50:06.410"/>
</suite>
<statistics>
<total>
<stat pass="0" fail="1" skip="0">All Tests</stat>
</total>
<tag>
<stat pass="0" fail="1" skip="0">Smoke</stat>
</tag>
<suite>
<stat pass="0" fail="1" skip="0" id="s1" name="Cenario1">Cenario1</stat>
</suite>
</statistics>
<errors>
</errors>
</robot>
