<?xml version="1.0" encoding="UTF-8"?>
<robot generator="Robot 4.1.3 (Python 3.9.5 on win32)" generated="20220418 17:11:56.323" rpa="false" schemaversion="2">
<suite id="s1" name="openBasidiTest &amp; usersTest &amp; changeUsersTest &amp; deleteUsersTest &amp; alarmScreensTest &amp; createAlarm &amp; cardsTest">
<suite id="s1-s1" name="openBasidiTest" source="C:\Users\radek\Documents\GitHub\SISCON_SmokeTest\tests\openBasidiTest.robot">
<test id="s1-s1-t1" name="Cenário 00: Setup">
<kw name="Add Change Users Image Path" library="changeUsersBase" type="SETUP">
<kw name="Add Base Image Path" library="base">
<kw name="Add Image Path" library="SikuliLibrary">
<arg>${IMAGE_DIR}</arg>
<doc>Add image path</doc>
<status status="PASS" starttime="20220418 17:11:59.144" endtime="20220418 17:11:59.157"/>
</kw>
<kw name="Add Image Path" library="SikuliLibrary">
<arg>${IMAGE_DIR2}</arg>
<doc>Add image path</doc>
<status status="PASS" starttime="20220418 17:11:59.157" endtime="20220418 17:11:59.160"/>
</kw>
<kw name="Add Image Path" library="SikuliLibrary">
<arg>${IMAGE_DIR3}</arg>
<doc>Add image path</doc>
<status status="PASS" starttime="20220418 17:11:59.160" endtime="20220418 17:11:59.163"/>
</kw>
<kw name="Add Image Path" library="SikuliLibrary">
<arg>${IMAGE_DIR4}</arg>
<doc>Add image path</doc>
<status status="PASS" starttime="20220418 17:11:59.163" endtime="20220418 17:11:59.167"/>
</kw>
<status status="PASS" starttime="20220418 17:11:59.144" endtime="20220418 17:11:59.167"/>
</kw>
<kw name="Add Image Path" library="SikuliLibrary">
<arg>${CHANGE_USERS_IMAGE_DIR}</arg>
<doc>Add image path</doc>
<status status="PASS" starttime="20220418 17:11:59.167" endtime="20220418 17:11:59.170"/>
</kw>
<status status="PASS" starttime="20220418 17:11:59.144" endtime="20220418 17:11:59.170"/>
</kw>
<if>
<branch type="IF" condition="&quot;${Environment}&quot; == &quot;dvl&quot;">
<kw name="Set Global Variable" library="BuiltIn">
<arg>${RuntimeSetting}</arg>
<arg>RuntimeSetting(dvl).PNG</arg>
<doc>Makes a variable available globally in all tests and suites.</doc>
<msg timestamp="20220418 17:11:59.172" level="INFO">${RuntimeSetting} = RuntimeSetting(dvl).PNG</msg>
<status status="PASS" starttime="20220418 17:11:59.171" endtime="20220418 17:11:59.172"/>
</kw>
<status status="PASS" starttime="20220418 17:11:59.171" endtime="20220418 17:11:59.172"/>
</branch>
<status status="PASS" starttime="20220418 17:11:59.171" endtime="20220418 17:11:59.172"/>
</if>
<if>
<branch type="IF" condition="&quot;${Environment}&quot; == &quot;admmst&quot;">
<kw name="Set Global Variable" library="BuiltIn">
<arg>${RuntimeSetting}</arg>
<arg>RuntimeSetting(admmst).PNG</arg>
<doc>Makes a variable available globally in all tests and suites.</doc>
<status status="NOT RUN" starttime="20220418 17:11:59.172" endtime="20220418 17:11:59.172"/>
</kw>
<status status="NOT RUN" starttime="20220418 17:11:59.172" endtime="20220418 17:11:59.172"/>
</branch>
<status status="PASS" starttime="20220418 17:11:59.172" endtime="20220418 17:11:59.172"/>
</if>
<tag>Cenário 00</tag>
<status status="PASS" starttime="20220418 17:11:59.143" endtime="20220418 17:11:59.173"/>
</test>
<test id="s1-s1-t2" name="Cenário 01: Open BaSiDi">
<kw name="Add Change Users Image Path" library="changeUsersBase" type="SETUP">
<kw name="Add Base Image Path" library="base">
<kw name="Add Image Path" library="SikuliLibrary">
<arg>${IMAGE_DIR}</arg>
<doc>Add image path</doc>
<status status="PASS" starttime="20220418 17:11:59.174" endtime="20220418 17:11:59.178"/>
</kw>
<kw name="Add Image Path" library="SikuliLibrary">
<arg>${IMAGE_DIR2}</arg>
<doc>Add image path</doc>
<status status="PASS" starttime="20220418 17:11:59.178" endtime="20220418 17:11:59.181"/>
</kw>
<kw name="Add Image Path" library="SikuliLibrary">
<arg>${IMAGE_DIR3}</arg>
<doc>Add image path</doc>
<status status="PASS" starttime="20220418 17:11:59.181" endtime="20220418 17:11:59.184"/>
</kw>
<kw name="Add Image Path" library="SikuliLibrary">
<arg>${IMAGE_DIR4}</arg>
<doc>Add image path</doc>
<status status="PASS" starttime="20220418 17:11:59.184" endtime="20220418 17:11:59.187"/>
</kw>
<status status="PASS" starttime="20220418 17:11:59.174" endtime="20220418 17:11:59.188"/>
</kw>
<kw name="Add Image Path" library="SikuliLibrary">
<arg>${CHANGE_USERS_IMAGE_DIR}</arg>
<doc>Add image path</doc>
<status status="PASS" starttime="20220418 17:11:59.188" endtime="20220418 17:11:59.191"/>
</kw>
<status status="PASS" starttime="20220418 17:11:59.174" endtime="20220418 17:11:59.191"/>
</kw>
<kw name="Log" library="BuiltIn">
<arg>"Abre o BaSiDi"</arg>
<doc>Logs the given message with the given level.</doc>
<msg timestamp="20220418 17:11:59.191" level="INFO">"Abre o BaSiDi"</msg>
<status status="PASS" starttime="20220418 17:11:59.191" endtime="20220418 17:11:59.191"/>
</kw>
<kw name="When BaSiDi Login screen is opened" library="base">
<arg>${RuntimeSetting}</arg>
<kw name="Click" library="SikuliLibrary">
<arg>BarraDeBusca.PNG</arg>
<doc>Click</doc>
<msg timestamp="20220418 17:12:00.296" level="INFO" html="true">&lt;img src='sikuli_captured/sikuliximage-1650312719539.png'/&gt;
[log] CLICK on L[220,1059]@S(0) (563 msec)</msg>
<status status="PASS" starttime="20220418 17:11:59.192" endtime="20220418 17:12:00.296"/>
</kw>
<kw name="Sleep" library="BuiltIn">
<arg>0.5</arg>
<doc>Pauses the test executed for the given time.</doc>
<msg timestamp="20220418 17:12:00.800" level="INFO">Slept 500 milliseconds</msg>
<status status="PASS" starttime="20220418 17:12:00.296" endtime="20220418 17:12:00.800"/>
</kw>
<kw name="Input Text" library="SikuliLibrary">
<arg>${Empty}</arg>
<arg>cmd</arg>
<doc>Input text.
 Image could be empty</doc>
<msg timestamp="20220418 17:12:01.103" level="INFO">Input Text:
cmd
[log]  TYPE "cmd"</msg>
<status status="PASS" starttime="20220418 17:12:00.800" endtime="20220418 17:12:01.103"/>
</kw>
<kw name="Wait Until Screen Contain" library="SikuliLibrary">
<arg>CMD.png</arg>
<arg>${TEMPO}</arg>
<doc>Wait until screen contain
 Wait until image shown in screen</doc>
<msg timestamp="20220418 17:12:01.370" level="INFO" html="true">&lt;img src='sikuli_captured/sikuliximage-1650312721357.png'/&gt;</msg>
<status status="PASS" starttime="20220418 17:12:01.103" endtime="20220418 17:12:01.370"/>
</kw>
<kw name="Click" library="SikuliLibrary">
<arg>CMD.png</arg>
<doc>Click</doc>
<msg timestamp="20220418 17:12:02.358" level="INFO" html="true">&lt;img src='sikuli_captured/sikuliximage-1650312721587.png'/&gt;
[log] CLICK on L[221,515]@S(0) (565 msec)</msg>
<status status="PASS" starttime="20220418 17:12:01.370" endtime="20220418 17:12:02.358"/>
</kw>
<kw name="Sleep" library="BuiltIn">
<arg>0.5</arg>
<doc>Pauses the test executed for the given time.</doc>
<msg timestamp="20220418 17:12:02.865" level="INFO">Slept 500 milliseconds</msg>
<status status="PASS" starttime="20220418 17:12:02.358" endtime="20220418 17:12:02.865"/>
</kw>
<kw name="Paste Text" library="SikuliLibrary">
<arg>${Empty}</arg>
<arg>cd ${PATH}</arg>
<doc>Paste text. Image could be empty</doc>
<msg timestamp="20220418 17:12:02.977" level="INFO">Paste Text:
cd C:\Program Files\Siemens\SpectrumPower7\odvlauncher</msg>
<status status="PASS" starttime="20220418 17:12:02.866" endtime="20220418 17:12:02.977"/>
</kw>
<kw name="Press Special Key" library="SikuliLibrary">
<arg>ENTER</arg>
<doc>Press special key
 Presses a special keyboard key.</doc>
<msg timestamp="20220418 17:12:03.096" level="INFO">[log]  TYPE "#ENTER."</msg>
<status status="PASS" starttime="20220418 17:12:02.977" endtime="20220418 17:12:03.096"/>
</kw>
<kw name="Paste Text" library="SikuliLibrary">
<arg>${Empty}</arg>
<arg>${EXEC_SPECTRUM}</arg>
<doc>Paste text. Image could be empty</doc>
<msg timestamp="20220418 17:12:03.181" level="INFO">Paste Text:
odvlauncher.exe -admin</msg>
<status status="PASS" starttime="20220418 17:12:03.097" endtime="20220418 17:12:03.181"/>
</kw>
<kw name="Press Special Key" library="SikuliLibrary">
<arg>ENTER</arg>
<doc>Press special key
 Presses a special keyboard key.</doc>
<msg timestamp="20220418 17:12:03.296" level="INFO">[log]  TYPE "#ENTER."</msg>
<status status="PASS" starttime="20220418 17:12:03.182" endtime="20220418 17:12:03.296"/>
</kw>
<kw name="Click" library="SikuliLibrary">
<arg>CMDWindows1.PNG</arg>
<arg>850</arg>
<arg>0</arg>
<doc>Click</doc>
<msg timestamp="20220418 17:12:04.164" level="INFO" html="true">&lt;img src='sikuli_captured/sikuliximage-1650312723576.png'/&gt;
[log] CLICK on L[1176,223]@S(0) (575 msec)</msg>
<status status="PASS" starttime="20220418 17:12:03.296" endtime="20220418 17:12:04.164"/>
</kw>
<kw name="Double Click" library="SikuliLibrary">
<arg>${ENVIRONMENT}</arg>
<arg>-50</arg>
<arg>0</arg>
<doc>Double click</doc>
<msg timestamp="20220418 17:12:04.985" level="INFO" html="true">&lt;img src='sikuli_captured/sikuliximage-1650312724374.png'/&gt;
[log] DOUBLE CLICK on L[777,490]@S(0) (600 msec)</msg>
<status status="PASS" starttime="20220418 17:12:04.164" endtime="20220418 17:12:04.986"/>
</kw>
<status status="PASS" starttime="20220418 17:11:59.192" endtime="20220418 17:12:04.986"/>
</kw>
<kw name="Then an security message should appeared" library="base">
<kw name="Wait Until Screen Contain" library="SikuliLibrary">
<arg>LoginFechar.PNG</arg>
<arg>${TEMPO}</arg>
<doc>Wait until screen contain
 Wait until image shown in screen</doc>
<msg timestamp="20220418 17:12:08.028" level="INFO" html="true">&lt;img src='sikuli_captured/sikuliximage-1650312728023.png'/&gt;</msg>
<status status="PASS" starttime="20220418 17:12:04.987" endtime="20220418 17:12:08.028"/>
</kw>
<status status="PASS" starttime="20220418 17:12:04.986" endtime="20220418 17:12:08.028"/>
</kw>
<tag>Cenário 01</tag>
<status status="PASS" starttime="20220418 17:11:59.174" endtime="20220418 17:12:08.029"/>
</test>
<test id="s1-s1-t3" name="Cenário 02: Try Login in BaSiDi">
<kw name="Add Change Users Image Path" library="changeUsersBase" type="SETUP">
<kw name="Add Base Image Path" library="base">
<kw name="Add Image Path" library="SikuliLibrary">
<arg>${IMAGE_DIR}</arg>
<doc>Add image path</doc>
<status status="PASS" starttime="20220418 17:12:08.031" endtime="20220418 17:12:08.035"/>
</kw>
<kw name="Add Image Path" library="SikuliLibrary">
<arg>${IMAGE_DIR2}</arg>
<doc>Add image path</doc>
<status status="PASS" starttime="20220418 17:12:08.035" endtime="20220418 17:12:08.035"/>
</kw>
<kw name="Add Image Path" library="SikuliLibrary">
<arg>${IMAGE_DIR3}</arg>
<doc>Add image path</doc>
<status status="PASS" starttime="20220418 17:12:08.044" endtime="20220418 17:12:08.047"/>
</kw>
<kw name="Add Image Path" library="SikuliLibrary">
<arg>${IMAGE_DIR4}</arg>
<doc>Add image path</doc>
<status status="PASS" starttime="20220418 17:12:08.050" endtime="20220418 17:12:08.051"/>
</kw>
<status status="PASS" starttime="20220418 17:12:08.031" endtime="20220418 17:12:08.051"/>
</kw>
<kw name="Add Image Path" library="SikuliLibrary">
<arg>${CHANGE_USERS_IMAGE_DIR}</arg>
<doc>Add image path</doc>
<status status="PASS" starttime="20220418 17:12:08.051" endtime="20220418 17:12:08.063"/>
</kw>
<status status="PASS" starttime="20220418 17:12:08.031" endtime="20220418 17:12:08.063"/>
</kw>
<kw name="Log" library="BuiltIn">
<arg>"Preenche login e senha"</arg>
<doc>Logs the given message with the given level.</doc>
<msg timestamp="20220418 17:12:08.063" level="INFO">"Preenche login e senha"</msg>
<status status="PASS" starttime="20220418 17:12:08.063" endtime="20220418 17:12:08.068"/>
</kw>
<kw name="When the BaSiDi Login screen is filled" library="base">
<arg>${Login}</arg>
<arg>${Password}</arg>
<kw name="Click" library="SikuliLibrary">
<arg>LoginFechar.PNG</arg>
<arg>15</arg>
<doc>Click</doc>
<msg timestamp="20220418 17:12:08.955" level="INFO" html="true">&lt;img src='sikuli_captured/sikuliximage-1650312728390.png'/&gt;
[log] CLICK on L[1240,303]@S(0) (562 msec)</msg>
<status status="PASS" starttime="20220418 17:12:08.069" endtime="20220418 17:12:08.955"/>
</kw>
<kw name="Sleep" library="BuiltIn">
<arg>0.5</arg>
<doc>Pauses the test executed for the given time.</doc>
<msg timestamp="20220418 17:12:09.459" level="INFO">Slept 500 milliseconds</msg>
<status status="PASS" starttime="20220418 17:12:08.955" endtime="20220418 17:12:09.459"/>
</kw>
<kw name="Input Text" library="SikuliLibrary">
<arg>LoginUsuario.PNG</arg>
<arg>${Login}</arg>
<doc>Input text.
 Image could be empty</doc>
<msg timestamp="20220418 17:12:11.399" level="INFO">Input Text:
spectrum</msg>
<msg timestamp="20220418 17:12:11.399" level="INFO" html="true">&lt;img src='sikuli_captured/sikuliximage-1650312729893.png'/&gt;
[log] CLICK on L[965,320]@S(0) (559 msec)
[log]  TYPE "spectrum"</msg>
<status status="PASS" starttime="20220418 17:12:09.460" endtime="20220418 17:12:11.399"/>
</kw>
<kw name="Press Special Key" library="SikuliLibrary">
<arg>TAB</arg>
<doc>Press special key
 Presses a special keyboard key.</doc>
<msg timestamp="20220418 17:12:11.514" level="INFO">[log]  TYPE "#TAB."</msg>
<status status="PASS" starttime="20220418 17:12:11.399" endtime="20220418 17:12:11.514"/>
</kw>
<kw name="Input Text" library="SikuliLibrary">
<arg>${EMPTY}</arg>
<arg>${Password}</arg>
<doc>Input text.
 Image could be empty</doc>
<msg timestamp="20220418 17:12:12.255" level="INFO">Input Text:
spectrum
[log]  TYPE "spectrum"</msg>
<status status="PASS" starttime="20220418 17:12:11.514" endtime="20220418 17:12:12.255"/>
</kw>
<kw name="Press Special Key" library="SikuliLibrary">
<arg>ENTER</arg>
<doc>Press special key
 Presses a special keyboard key.</doc>
<msg timestamp="20220418 17:12:12.370" level="INFO">[log]  TYPE "#ENTER."</msg>
<status status="PASS" starttime="20220418 17:12:12.255" endtime="20220418 17:12:12.373"/>
</kw>
<status status="PASS" starttime="20220418 17:12:08.068" endtime="20220418 17:12:12.373"/>
</kw>
<kw name="Then the BaSiDi screen should appeared" library="base">
<kw name="Wait Until Screen Contain" library="SikuliLibrary">
<arg>ConectadoSelecionado.PNG</arg>
<arg>${TEMPO}</arg>
<doc>Wait until screen contain
 Wait until image shown in screen</doc>
<msg timestamp="20220418 17:12:14.521" level="INFO" html="true">&lt;img src='sikuli_captured/sikuliximage-1650312734516.png'/&gt;</msg>
<status status="PASS" starttime="20220418 17:12:12.377" endtime="20220418 17:12:14.521"/>
</kw>
<status status="PASS" starttime="20220418 17:12:12.374" endtime="20220418 17:12:14.521"/>
</kw>
<tag>Cenário 02</tag>
<status status="PASS" starttime="20220418 17:12:08.030" endtime="20220418 17:12:14.521"/>
</test>
<status status="PASS" starttime="20220418 17:11:56.351" endtime="20220418 17:12:14.524"/>
</suite>
<suite id="s1-s2" name="usersTest" source="C:\Users\radek\Documents\GitHub\SISCON_SmokeTest\tests\usersTest.robot">
<test id="s1-s2-t1" name="Cenário 01: Abrir tela Usuário em Sistemas">
<kw name="Add Users Image Path" library="usersBase" type="SETUP">
<kw name="Add Base Image Path" library="base">
<kw name="Add Image Path" library="SikuliLibrary">
<arg>${IMAGE_DIR}</arg>
<doc>Add image path</doc>
<status status="PASS" starttime="20220418 17:12:14.562" endtime="20220418 17:12:14.571"/>
</kw>
<kw name="Add Image Path" library="SikuliLibrary">
<arg>${IMAGE_DIR2}</arg>
<doc>Add image path</doc>
<status status="PASS" starttime="20220418 17:12:14.571" endtime="20220418 17:12:14.577"/>
</kw>
<kw name="Add Image Path" library="SikuliLibrary">
<arg>${IMAGE_DIR3}</arg>
<doc>Add image path</doc>
<status status="PASS" starttime="20220418 17:12:14.577" endtime="20220418 17:12:14.584"/>
</kw>
<kw name="Add Image Path" library="SikuliLibrary">
<arg>${IMAGE_DIR4}</arg>
<doc>Add image path</doc>
<status status="PASS" starttime="20220418 17:12:14.584" endtime="20220418 17:12:14.591"/>
</kw>
<status status="PASS" starttime="20220418 17:12:14.561" endtime="20220418 17:12:14.591"/>
</kw>
<kw name="Add Image Path" library="SikuliLibrary">
<arg>${USERS_IMAGE_DIR}</arg>
<doc>Add image path</doc>
<status status="PASS" starttime="20220418 17:12:14.591" endtime="20220418 17:12:14.597"/>
</kw>
<status status="PASS" starttime="20220418 17:12:14.560" endtime="20220418 17:12:14.598"/>
</kw>
<kw name="Log" library="BuiltIn">
<arg>"Abrir tela Usuário em Sistemas"</arg>
<doc>Logs the given message with the given level.</doc>
<msg timestamp="20220418 17:12:14.599" level="INFO">"Abrir tela Usuário em Sistemas"</msg>
<status status="PASS" starttime="20220418 17:12:14.599" endtime="20220418 17:12:14.599"/>
</kw>
<kw name="Given that I'm in BaSiDi" library="base">
<kw name="Screen Should Contain" library="SikuliLibrary">
<arg>Conectado.PNG</arg>
<doc>Screen should contain</doc>
<msg timestamp="20220418 17:12:15.107" level="INFO" html="true">&lt;img src='sikuli_captured/sikuliximage-1650312735097.png'/&gt;</msg>
<status status="PASS" starttime="20220418 17:12:14.600" endtime="20220418 17:12:15.107"/>
</kw>
<status status="PASS" starttime="20220418 17:12:14.599" endtime="20220418 17:12:15.108"/>
</kw>
<kw name="And Clicked on &quot;Sistemas&quot;" library="usersBase">
<kw name="Click" library="SikuliLibrary">
<arg>Sistema.png</arg>
<doc>Click</doc>
<msg timestamp="20220418 17:12:16.546" level="INFO" html="true">&lt;img src='sikuli_captured/sikuliximage-1650312735573.png'/&gt;
[log] CLICK on L[640,128]@S(0) (564 msec)</msg>
<status status="PASS" starttime="20220418 17:12:15.110" endtime="20220418 17:12:16.547"/>
</kw>
<status status="PASS" starttime="20220418 17:12:15.109" endtime="20220418 17:12:16.547"/>
</kw>
<kw name="And Clicked on &quot;Usuários&quot;" library="usersBase">
<kw name="Click" library="SikuliLibrary">
<arg>Sistema-Usuarios.png</arg>
<doc>Click</doc>
<msg timestamp="20220418 17:12:17.850" level="INFO" html="true">&lt;img src='sikuli_captured/sikuliximage-1650312736941.png'/&gt;
[log] CLICK on L[563,152]@S(0) (557 msec)</msg>
<status status="PASS" starttime="20220418 17:12:16.549" endtime="20220418 17:12:17.850"/>
</kw>
<status status="PASS" starttime="20220418 17:12:16.548" endtime="20220418 17:12:17.850"/>
</kw>
<kw name="Then the Users Management should appeared" library="usersBase">
<kw name="Wait Until Screen Contain" library="SikuliLibrary">
<arg>UsuarioWindow.png</arg>
<arg>${TEMPO}</arg>
<doc>Wait until screen contain
 Wait until image shown in screen</doc>
<msg timestamp="20220418 17:12:19.197" level="INFO" html="true">&lt;img src='sikuli_captured/sikuliximage-1650312739185.png'/&gt;</msg>
<status status="PASS" starttime="20220418 17:12:17.851" endtime="20220418 17:12:19.197"/>
</kw>
<status status="PASS" starttime="20220418 17:12:17.851" endtime="20220418 17:12:19.197"/>
</kw>
<tag>Cenário 01</tag>
<status status="PASS" starttime="20220418 17:12:14.559" endtime="20220418 17:12:19.198"/>
</test>
<test id="s1-s2-t2" name="Cenário 02: Ir até a tela de propriedades de Usuário">
<kw name="Add Users Image Path" library="usersBase" type="SETUP">
<kw name="Add Base Image Path" library="base">
<kw name="Add Image Path" library="SikuliLibrary">
<arg>${IMAGE_DIR}</arg>
<doc>Add image path</doc>
<status status="PASS" starttime="20220418 17:12:19.203" endtime="20220418 17:12:19.209"/>
</kw>
<kw name="Add Image Path" library="SikuliLibrary">
<arg>${IMAGE_DIR2}</arg>
<doc>Add image path</doc>
<status status="PASS" starttime="20220418 17:12:19.209" endtime="20220418 17:12:19.214"/>
</kw>
<kw name="Add Image Path" library="SikuliLibrary">
<arg>${IMAGE_DIR3}</arg>
<doc>Add image path</doc>
<status status="PASS" starttime="20220418 17:12:19.214" endtime="20220418 17:12:19.220"/>
</kw>
<kw name="Add Image Path" library="SikuliLibrary">
<arg>${IMAGE_DIR4}</arg>
<doc>Add image path</doc>
<status status="PASS" starttime="20220418 17:12:19.220" endtime="20220418 17:12:19.224"/>
</kw>
<status status="PASS" starttime="20220418 17:12:19.202" endtime="20220418 17:12:19.225"/>
</kw>
<kw name="Add Image Path" library="SikuliLibrary">
<arg>${USERS_IMAGE_DIR}</arg>
<doc>Add image path</doc>
<status status="PASS" starttime="20220418 17:12:19.225" endtime="20220418 17:12:19.229"/>
</kw>
<status status="PASS" starttime="20220418 17:12:19.201" endtime="20220418 17:12:19.230"/>
</kw>
<kw name="Log" library="BuiltIn">
<arg>"Ir até a tela de propriedades de Usuário"</arg>
<doc>Logs the given message with the given level.</doc>
<msg timestamp="20220418 17:12:19.230" level="INFO">"Ir até a tela de propriedades de Usuário"</msg>
<status status="PASS" starttime="20220418 17:12:19.230" endtime="20220418 17:12:19.230"/>
</kw>
<kw name="When &quot;Propriedades do usuário&quot; is clicked" library="usersBase">
<kw name="Click" library="SikuliLibrary">
<arg>PropriedadeDoUsuario.png</arg>
<doc>Click</doc>
<msg timestamp="20220418 17:12:20.367" level="INFO" html="true">&lt;img src='sikuli_captured/sikuliximage-1650312739477.png'/&gt;
[log] CLICK on L[639,347]@S(0) (565 msec)</msg>
<status status="PASS" starttime="20220418 17:12:19.231" endtime="20220418 17:12:20.367"/>
</kw>
<status status="PASS" starttime="20220418 17:12:19.230" endtime="20220418 17:12:20.367"/>
</kw>
<kw name="Then the Users Proprieties should appeared" library="usersBase">
<kw name="Wait Until Screen Contain" library="SikuliLibrary">
<arg>PropriedadeDoUsuarioWindow.png</arg>
<arg>${TEMPO}</arg>
<doc>Wait until screen contain
 Wait until image shown in screen</doc>
<msg timestamp="20220418 17:12:21.141" level="INFO" html="true">&lt;img src='sikuli_captured/sikuliximage-1650312741135.png'/&gt;</msg>
<status status="PASS" starttime="20220418 17:12:20.368" endtime="20220418 17:12:21.142"/>
</kw>
<status status="PASS" starttime="20220418 17:12:20.367" endtime="20220418 17:12:21.142"/>
</kw>
<tag>Cenário 02</tag>
<status status="PASS" starttime="20220418 17:12:19.200" endtime="20220418 17:12:21.142"/>
</test>
<test id="s1-s2-t3" name="Cenário 03: Clicar em criar novo usuário">
<kw name="Add Users Image Path" library="usersBase" type="SETUP">
<kw name="Add Base Image Path" library="base">
<kw name="Add Image Path" library="SikuliLibrary">
<arg>${IMAGE_DIR}</arg>
<doc>Add image path</doc>
<status status="PASS" starttime="20220418 17:12:21.145" endtime="20220418 17:12:21.151"/>
</kw>
<kw name="Add Image Path" library="SikuliLibrary">
<arg>${IMAGE_DIR2}</arg>
<doc>Add image path</doc>
<status status="PASS" starttime="20220418 17:12:21.151" endtime="20220418 17:12:21.156"/>
</kw>
<kw name="Add Image Path" library="SikuliLibrary">
<arg>${IMAGE_DIR3}</arg>
<doc>Add image path</doc>
<status status="PASS" starttime="20220418 17:12:21.156" endtime="20220418 17:12:21.162"/>
</kw>
<kw name="Add Image Path" library="SikuliLibrary">
<arg>${IMAGE_DIR4}</arg>
<doc>Add image path</doc>
<status status="PASS" starttime="20220418 17:12:21.163" endtime="20220418 17:12:21.169"/>
</kw>
<status status="PASS" starttime="20220418 17:12:21.145" endtime="20220418 17:12:21.169"/>
</kw>
<kw name="Add Image Path" library="SikuliLibrary">
<arg>${USERS_IMAGE_DIR}</arg>
<doc>Add image path</doc>
<status status="PASS" starttime="20220418 17:12:21.169" endtime="20220418 17:12:21.176"/>
</kw>
<status status="PASS" starttime="20220418 17:12:21.144" endtime="20220418 17:12:21.177"/>
</kw>
<kw name="Log" library="BuiltIn">
<arg>"Clicar em criar novo usuário"</arg>
<doc>Logs the given message with the given level.</doc>
<msg timestamp="20220418 17:12:21.178" level="INFO">"Clicar em criar novo usuário"</msg>
<status status="PASS" starttime="20220418 17:12:21.177" endtime="20220418 17:12:21.178"/>
</kw>
<kw name="And Clicked on &quot;Criar novo Usuário&quot;" library="usersBase">
<kw name="Sleep" library="BuiltIn">
<arg>1</arg>
<doc>Pauses the test executed for the given time.</doc>
<msg timestamp="20220418 17:12:22.193" level="INFO">Slept 1 second</msg>
<status status="PASS" starttime="20220418 17:12:21.179" endtime="20220418 17:12:22.193"/>
</kw>
<kw name="Click" library="SikuliLibrary">
<arg>NovoUsuario.png</arg>
<doc>Click</doc>
<msg timestamp="20220418 17:12:23.489" level="INFO" html="true">&lt;img src='sikuli_captured/sikuliximage-1650312742650.png'/&gt;
[log] CLICK on L[600,456]@S(0) (566 msec)</msg>
<status status="PASS" starttime="20220418 17:12:22.194" endtime="20220418 17:12:23.489"/>
</kw>
<status status="PASS" starttime="20220418 17:12:21.178" endtime="20220418 17:12:23.489"/>
</kw>
<kw name="Then the create new user should appeared" library="usersBase">
<kw name="Wait Until Screen Contain" library="SikuliLibrary">
<arg>CriaNovoUsuario.png</arg>
<arg>${TEMPO}</arg>
<doc>Wait until screen contain
 Wait until image shown in screen</doc>
<msg timestamp="20220418 17:12:24.173" level="INFO" html="true">&lt;img src='sikuli_captured/sikuliximage-1650312744168.png'/&gt;</msg>
<status status="PASS" starttime="20220418 17:12:23.489" endtime="20220418 17:12:24.174"/>
</kw>
<status status="PASS" starttime="20220418 17:12:23.489" endtime="20220418 17:12:24.174"/>
</kw>
<tag>Cenário 03</tag>
<status status="PASS" starttime="20220418 17:12:21.144" endtime="20220418 17:12:24.175"/>
</test>
<test id="s1-s2-t4" name="Cenário 04: Verificar Mensagem de Erro 1">
<kw name="Add Users Image Path" library="usersBase" type="SETUP">
<kw name="Add Base Image Path" library="base">
<kw name="Add Image Path" library="SikuliLibrary">
<arg>${IMAGE_DIR}</arg>
<doc>Add image path</doc>
<status status="PASS" starttime="20220418 17:12:24.179" endtime="20220418 17:12:24.187"/>
</kw>
<kw name="Add Image Path" library="SikuliLibrary">
<arg>${IMAGE_DIR2}</arg>
<doc>Add image path</doc>
<status status="PASS" starttime="20220418 17:12:24.188" endtime="20220418 17:12:24.198"/>
</kw>
<kw name="Add Image Path" library="SikuliLibrary">
<arg>${IMAGE_DIR3}</arg>
<doc>Add image path</doc>
<status status="PASS" starttime="20220418 17:12:24.198" endtime="20220418 17:12:24.210"/>
</kw>
<kw name="Add Image Path" library="SikuliLibrary">
<arg>${IMAGE_DIR4}</arg>
<doc>Add image path</doc>
<status status="PASS" starttime="20220418 17:12:24.210" endtime="20220418 17:12:24.220"/>
</kw>
<status status="PASS" starttime="20220418 17:12:24.178" endtime="20220418 17:12:24.221"/>
</kw>
<kw name="Add Image Path" library="SikuliLibrary">
<arg>${USERS_IMAGE_DIR}</arg>
<doc>Add image path</doc>
<status status="PASS" starttime="20220418 17:12:24.221" endtime="20220418 17:12:24.232"/>
</kw>
<status status="PASS" starttime="20220418 17:12:24.178" endtime="20220418 17:12:24.233"/>
</kw>
<kw name="Log" library="BuiltIn">
<arg>"Verificar Mensagem de Erro 1"</arg>
<doc>Logs the given message with the given level.</doc>
<msg timestamp="20220418 17:12:24.234" level="INFO">"Verificar Mensagem de Erro 1"</msg>
<status status="PASS" starttime="20220418 17:12:24.233" endtime="20220418 17:12:24.234"/>
</kw>
<kw name="And try to create user" library="usersBase">
<kw name="Click" library="SikuliLibrary">
<arg>ConfirmUser.png</arg>
<doc>Click</doc>
<msg timestamp="20220418 17:12:25.471" level="INFO" html="true">&lt;img src='sikuli_captured/sikuliximage-1650312744607.png'/&gt;
[log] CLICK on L[1116,870]@S(0) (570 msec)</msg>
<status status="PASS" starttime="20220418 17:12:24.236" endtime="20220418 17:12:25.471"/>
</kw>
<status status="PASS" starttime="20220418 17:12:24.235" endtime="20220418 17:12:25.471"/>
</kw>
<kw name="Then the invalid user message should appeared" library="usersBase">
<kw name="Wait Until Screen Contain" library="SikuliLibrary">
<arg>Error1UsuarioInvalido.png</arg>
<arg>${TEMPO}</arg>
<doc>Wait until screen contain
 Wait until image shown in screen</doc>
<msg timestamp="20220418 17:12:25.920" level="INFO" html="true">&lt;img src='sikuli_captured/sikuliximage-1650312745914.png'/&gt;</msg>
<status status="PASS" starttime="20220418 17:12:25.472" endtime="20220418 17:12:25.922"/>
</kw>
<status status="PASS" starttime="20220418 17:12:25.471" endtime="20220418 17:12:25.922"/>
</kw>
<tag>Cenário 04</tag>
<status status="PASS" starttime="20220418 17:12:24.177" endtime="20220418 17:12:25.922"/>
</test>
<test id="s1-s2-t5" name="Cenário 05: Verificar Mensagem de Erro 2">
<kw name="Add Users Image Path" library="usersBase" type="SETUP">
<kw name="Add Base Image Path" library="base">
<kw name="Add Image Path" library="SikuliLibrary">
<arg>${IMAGE_DIR}</arg>
<doc>Add image path</doc>
<status status="PASS" starttime="20220418 17:12:25.925" endtime="20220418 17:12:25.931"/>
</kw>
<kw name="Add Image Path" library="SikuliLibrary">
<arg>${IMAGE_DIR2}</arg>
<doc>Add image path</doc>
<status status="PASS" starttime="20220418 17:12:25.932" endtime="20220418 17:12:25.937"/>
</kw>
<kw name="Add Image Path" library="SikuliLibrary">
<arg>${IMAGE_DIR3}</arg>
<doc>Add image path</doc>
<status status="PASS" starttime="20220418 17:12:25.937" endtime="20220418 17:12:25.943"/>
</kw>
<kw name="Add Image Path" library="SikuliLibrary">
<arg>${IMAGE_DIR4}</arg>
<doc>Add image path</doc>
<status status="PASS" starttime="20220418 17:12:25.944" endtime="20220418 17:12:25.950"/>
</kw>
<status status="PASS" starttime="20220418 17:12:25.924" endtime="20220418 17:12:25.950"/>
</kw>
<kw name="Add Image Path" library="SikuliLibrary">
<arg>${USERS_IMAGE_DIR}</arg>
<doc>Add image path</doc>
<status status="PASS" starttime="20220418 17:12:25.950" endtime="20220418 17:12:25.953"/>
</kw>
<status status="PASS" starttime="20220418 17:12:25.924" endtime="20220418 17:12:25.953"/>
</kw>
<kw name="Set Variable" library="BuiltIn">
<var>${Login}</var>
<arg>testeQA</arg>
<doc>Returns the given values which can then be assigned to a variables.</doc>
<msg timestamp="20220418 17:12:25.954" level="INFO">${Login} = testeQA</msg>
<status status="PASS" starttime="20220418 17:12:25.953" endtime="20220418 17:12:25.954"/>
</kw>
<kw name="Set Variable" library="BuiltIn">
<var>${Senha}</var>
<arg>testeQA</arg>
<doc>Returns the given values which can then be assigned to a variables.</doc>
<msg timestamp="20220418 17:12:25.954" level="INFO">${Senha} = testeQA</msg>
<status status="PASS" starttime="20220418 17:12:25.954" endtime="20220418 17:12:25.954"/>
</kw>
<kw name="Log" library="BuiltIn">
<arg>"Verificar Mensagem de Erro 2"</arg>
<doc>Logs the given message with the given level.</doc>
<msg timestamp="20220418 17:12:25.955" level="INFO">"Verificar Mensagem de Erro 2"</msg>
<status status="PASS" starttime="20220418 17:12:25.955" endtime="20220418 17:12:25.955"/>
</kw>
<kw name="And fill the login and password field" library="usersBase">
<arg>${Login}</arg>
<arg>${Senha}</arg>
<kw name="Input Text" library="SikuliLibrary">
<arg>InputUsuario.png</arg>
<arg>${Login}</arg>
<doc>Input text.
 Image could be empty</doc>
<msg timestamp="20220418 17:12:27.956" level="INFO">Input Text:
testeQA</msg>
<msg timestamp="20220418 17:12:27.956" level="INFO" html="true">&lt;img src='sikuli_captured/sikuliximage-1650312746340.png'/&gt;
[log] CLICK on L[1134,440]@S(0) (557 msec)
[log]  TYPE "testeQA"</msg>
<status status="PASS" starttime="20220418 17:12:25.956" endtime="20220418 17:12:27.956"/>
</kw>
<kw name="Press Special Key" library="SikuliLibrary">
<arg>TAB</arg>
<doc>Press special key
 Presses a special keyboard key.</doc>
<msg timestamp="20220418 17:12:28.083" level="INFO">[log]  TYPE "#TAB."</msg>
<status status="PASS" starttime="20220418 17:12:27.957" endtime="20220418 17:12:28.083"/>
</kw>
<kw name="Input Text" library="SikuliLibrary">
<arg>${EMPTY}</arg>
<arg>${Senha}</arg>
<doc>Input text.
 Image could be empty</doc>
<msg timestamp="20220418 17:12:28.830" level="INFO">Input Text:
testeQA
[log]  TYPE "testeQA"</msg>
<status status="PASS" starttime="20220418 17:12:28.084" endtime="20220418 17:12:28.830"/>
</kw>
<kw name="Press Special Key" library="SikuliLibrary">
<arg>TAB</arg>
<doc>Press special key
 Presses a special keyboard key.</doc>
<msg timestamp="20220418 17:12:28.952" level="INFO">[log]  TYPE "#TAB."</msg>
<status status="PASS" starttime="20220418 17:12:28.831" endtime="20220418 17:12:28.952"/>
</kw>
<kw name="Input Text" library="SikuliLibrary">
<arg>${EMPTY}</arg>
<arg>${Senha}</arg>
<doc>Input text.
 Image could be empty</doc>
<msg timestamp="20220418 17:12:29.700" level="INFO">Input Text:
testeQA
[log]  TYPE "testeQA"</msg>
<status status="PASS" starttime="20220418 17:12:28.953" endtime="20220418 17:12:29.700"/>
</kw>
<status status="PASS" starttime="20220418 17:12:25.955" endtime="20220418 17:12:29.701"/>
</kw>
<kw name="And try to create user" library="usersBase">
<kw name="Click" library="SikuliLibrary">
<arg>ConfirmUser.png</arg>
<doc>Click</doc>
<msg timestamp="20220418 17:12:31.131" level="INFO" html="true">&lt;img src='sikuli_captured/sikuliximage-1650312750186.png'/&gt;
[log] CLICK on L[1116,870]@S(0) (576 msec)</msg>
<status status="PASS" starttime="20220418 17:12:29.704" endtime="20220418 17:12:31.131"/>
</kw>
<status status="PASS" starttime="20220418 17:12:29.702" endtime="20220418 17:12:31.131"/>
</kw>
<kw name="Then the invalid authority message should appeared" library="usersBase">
<kw name="Wait Until Screen Contain" library="SikuliLibrary">
<arg>Error2EmptyAuthority.png</arg>
<arg>${TEMPO}</arg>
<doc>Wait until screen contain
 Wait until image shown in screen</doc>
<msg timestamp="20220418 17:12:31.481" level="INFO" html="true">&lt;img src='sikuli_captured/sikuliximage-1650312751473.png'/&gt;</msg>
<status status="PASS" starttime="20220418 17:12:31.132" endtime="20220418 17:12:31.481"/>
</kw>
<status status="PASS" starttime="20220418 17:12:31.131" endtime="20220418 17:12:31.481"/>
</kw>
<tag>Cenário 05</tag>
<status status="PASS" starttime="20220418 17:12:25.923" endtime="20220418 17:12:31.482"/>
</test>
<test id="s1-s2-t6" name="Cenário 06: Verificar Mensagem de Erro 3">
<kw name="Add Users Image Path" library="usersBase" type="SETUP">
<kw name="Add Base Image Path" library="base">
<kw name="Add Image Path" library="SikuliLibrary">
<arg>${IMAGE_DIR}</arg>
<doc>Add image path</doc>
<status status="PASS" starttime="20220418 17:12:31.485" endtime="20220418 17:12:31.490"/>
</kw>
<kw name="Add Image Path" library="SikuliLibrary">
<arg>${IMAGE_DIR2}</arg>
<doc>Add image path</doc>
<status status="PASS" starttime="20220418 17:12:31.490" endtime="20220418 17:12:31.496"/>
</kw>
<kw name="Add Image Path" library="SikuliLibrary">
<arg>${IMAGE_DIR3}</arg>
<doc>Add image path</doc>
<status status="PASS" starttime="20220418 17:12:31.496" endtime="20220418 17:12:31.500"/>
</kw>
<kw name="Add Image Path" library="SikuliLibrary">
<arg>${IMAGE_DIR4}</arg>
<doc>Add image path</doc>
<status status="PASS" starttime="20220418 17:12:31.500" endtime="20220418 17:12:31.505"/>
</kw>
<status status="PASS" starttime="20220418 17:12:31.485" endtime="20220418 17:12:31.506"/>
</kw>
<kw name="Add Image Path" library="SikuliLibrary">
<arg>${USERS_IMAGE_DIR}</arg>
<doc>Add image path</doc>
<status status="PASS" starttime="20220418 17:12:31.506" endtime="20220418 17:12:31.512"/>
</kw>
<status status="PASS" starttime="20220418 17:12:31.484" endtime="20220418 17:12:31.512"/>
</kw>
<kw name="Log" library="BuiltIn">
<arg>"Verificar Mensagem de Erro 3"</arg>
<doc>Logs the given message with the given level.</doc>
<msg timestamp="20220418 17:12:31.513" level="INFO">"Verificar Mensagem de Erro 3"</msg>
<status status="PASS" starttime="20220418 17:12:31.513" endtime="20220418 17:12:31.513"/>
</kw>
<kw name="And fill the authority field" library="usersBase">
<kw name="Click" library="SikuliLibrary">
<arg>AuthorityBox.png</arg>
<doc>Click</doc>
<msg timestamp="20220418 17:12:32.746" level="INFO" html="true">&lt;img src='sikuli_captured/sikuliximage-1650312751818.png'/&gt;
[log] CLICK on L[1145,749]@S(0) (568 msec)</msg>
<status status="PASS" starttime="20220418 17:12:31.514" endtime="20220418 17:12:32.746"/>
</kw>
<kw name="Sleep" library="BuiltIn">
<arg>1</arg>
<doc>Pauses the test executed for the given time.</doc>
<msg timestamp="20220418 17:12:33.760" level="INFO">Slept 1 second</msg>
<status status="PASS" starttime="20220418 17:12:32.746" endtime="20220418 17:12:33.761"/>
</kw>
<kw name="Press Special Key" library="SikuliLibrary">
<arg>DOWN</arg>
<doc>Press special key
 Presses a special keyboard key.</doc>
<msg timestamp="20220418 17:12:33.885" level="INFO">[log]  TYPE "#DOWN."</msg>
<status status="PASS" starttime="20220418 17:12:33.761" endtime="20220418 17:12:33.886"/>
</kw>
<kw name="Press Special Key" library="SikuliLibrary">
<arg>ENTER</arg>
<doc>Press special key
 Presses a special keyboard key.</doc>
<msg timestamp="20220418 17:12:34.016" level="INFO">[log]  TYPE "#ENTER."</msg>
<status status="PASS" starttime="20220418 17:12:33.887" endtime="20220418 17:12:34.016"/>
</kw>
<kw name="Press Special Key" library="SikuliLibrary">
<arg>TAB</arg>
<doc>Press special key
 Presses a special keyboard key.</doc>
<msg timestamp="20220418 17:12:34.135" level="INFO">[log]  TYPE "#TAB."</msg>
<status status="PASS" starttime="20220418 17:12:34.017" endtime="20220418 17:12:34.135"/>
</kw>
<status status="PASS" starttime="20220418 17:12:31.514" endtime="20220418 17:12:34.136"/>
</kw>
<kw name="And try to create user" library="usersBase">
<kw name="Click" library="SikuliLibrary">
<arg>ConfirmUser.png</arg>
<doc>Click</doc>
<msg timestamp="20220418 17:12:35.366" level="INFO" html="true">&lt;img src='sikuli_captured/sikuliximage-1650312754493.png'/&gt;
[log] CLICK on L[1116,870]@S(0) (573 msec)</msg>
<status status="PASS" starttime="20220418 17:12:34.139" endtime="20220418 17:12:35.366"/>
</kw>
<status status="PASS" starttime="20220418 17:12:34.138" endtime="20220418 17:12:35.366"/>
</kw>
<kw name="Then the invalid function message should appeared" library="usersBase">
<kw name="Wait Until Screen Contain" library="SikuliLibrary">
<arg>Error3EmptyFunction.png</arg>
<arg>${TEMPO}</arg>
<doc>Wait until screen contain
 Wait until image shown in screen</doc>
<msg timestamp="20220418 17:12:35.626" level="INFO" html="true">&lt;img src='sikuli_captured/sikuliximage-1650312755618.png'/&gt;</msg>
<status status="PASS" starttime="20220418 17:12:35.367" endtime="20220418 17:12:35.626"/>
</kw>
<status status="PASS" starttime="20220418 17:12:35.366" endtime="20220418 17:12:35.626"/>
</kw>
<tag>Cenário 06</tag>
<status status="PASS" starttime="20220418 17:12:31.483" endtime="20220418 17:12:35.627"/>
</test>
<test id="s1-s2-t7" name="Cenário 07: Verificar Mensagem de Erro 4">
<kw name="Add Users Image Path" library="usersBase" type="SETUP">
<kw name="Add Base Image Path" library="base">
<kw name="Add Image Path" library="SikuliLibrary">
<arg>${IMAGE_DIR}</arg>
<doc>Add image path</doc>
<status status="PASS" starttime="20220418 17:12:35.630" endtime="20220418 17:12:35.636"/>
</kw>
<kw name="Add Image Path" library="SikuliLibrary">
<arg>${IMAGE_DIR2}</arg>
<doc>Add image path</doc>
<status status="PASS" starttime="20220418 17:12:35.636" endtime="20220418 17:12:35.643"/>
</kw>
<kw name="Add Image Path" library="SikuliLibrary">
<arg>${IMAGE_DIR3}</arg>
<doc>Add image path</doc>
<status status="PASS" starttime="20220418 17:12:35.643" endtime="20220418 17:12:35.651"/>
</kw>
<kw name="Add Image Path" library="SikuliLibrary">
<arg>${IMAGE_DIR4}</arg>
<doc>Add image path</doc>
<status status="PASS" starttime="20220418 17:12:35.651" endtime="20220418 17:12:35.661"/>
</kw>
<status status="PASS" starttime="20220418 17:12:35.630" endtime="20220418 17:12:35.661"/>
</kw>
<kw name="Add Image Path" library="SikuliLibrary">
<arg>${USERS_IMAGE_DIR}</arg>
<doc>Add image path</doc>
<status status="PASS" starttime="20220418 17:12:35.663" endtime="20220418 17:12:35.673"/>
</kw>
<status status="PASS" starttime="20220418 17:12:35.629" endtime="20220418 17:12:35.674"/>
</kw>
<kw name="Log" library="BuiltIn">
<arg>"Verificar Mensagem de Erro 4"</arg>
<doc>Logs the given message with the given level.</doc>
<msg timestamp="20220418 17:12:35.677" level="INFO">"Verificar Mensagem de Erro 4"</msg>
<status status="PASS" starttime="20220418 17:12:35.676" endtime="20220418 17:12:35.678"/>
</kw>
<kw name="And fill the function field" library="usersBase">
<kw name="Click" library="SikuliLibrary">
<arg>Function1Box.png</arg>
<doc>Click</doc>
<msg timestamp="20220418 17:12:36.832" level="INFO" html="true">&lt;img src='sikuli_captured/sikuliximage-1650312755965.png'/&gt;
[log] CLICK on L[1137,775]@S(0) (566 msec)</msg>
<status status="PASS" starttime="20220418 17:12:35.679" endtime="20220418 17:12:36.833"/>
</kw>
<kw name="Sleep" library="BuiltIn">
<arg>1</arg>
<doc>Pauses the test executed for the given time.</doc>
<msg timestamp="20220418 17:12:37.844" level="INFO">Slept 1 second</msg>
<status status="PASS" starttime="20220418 17:12:36.834" endtime="20220418 17:12:37.844"/>
</kw>
<kw name="Press Special Key" library="SikuliLibrary">
<arg>DOWN</arg>
<doc>Press special key
 Presses a special keyboard key.</doc>
<msg timestamp="20220418 17:12:37.971" level="INFO">[log]  TYPE "#DOWN."</msg>
<status status="PASS" starttime="20220418 17:12:37.845" endtime="20220418 17:12:37.971"/>
</kw>
<kw name="Press Special Key" library="SikuliLibrary">
<arg>ENTER</arg>
<doc>Press special key
 Presses a special keyboard key.</doc>
<msg timestamp="20220418 17:12:38.090" level="INFO">[log]  TYPE "#ENTER."</msg>
<status status="PASS" starttime="20220418 17:12:37.971" endtime="20220418 17:12:38.090"/>
</kw>
<kw name="Press Special Key" library="SikuliLibrary">
<arg>TAB</arg>
<doc>Press special key
 Presses a special keyboard key.</doc>
<msg timestamp="20220418 17:12:38.201" level="INFO">[log]  TYPE "#TAB."</msg>
<status status="PASS" starttime="20220418 17:12:38.091" endtime="20220418 17:12:38.203"/>
</kw>
<status status="PASS" starttime="20220418 17:12:35.678" endtime="20220418 17:12:38.203"/>
</kw>
<kw name="And try to create user" library="usersBase">
<kw name="Click" library="SikuliLibrary">
<arg>ConfirmUser.png</arg>
<doc>Click</doc>
<msg timestamp="20220418 17:12:39.406" level="INFO" html="true">&lt;img src='sikuli_captured/sikuliximage-1650312758559.png'/&gt;
[log] CLICK on L[1116,870]@S(0) (557 msec)</msg>
<status status="PASS" starttime="20220418 17:12:38.205" endtime="20220418 17:12:39.406"/>
</kw>
<status status="PASS" starttime="20220418 17:12:38.204" endtime="20220418 17:12:39.407"/>
</kw>
<kw name="Then the invalid class message should appeared" library="usersBase">
<kw name="Wait Until Screen Contain" library="SikuliLibrary">
<arg>Error4EmptyClass.png</arg>
<arg>${TEMPO}</arg>
<doc>Wait until screen contain
 Wait until image shown in screen</doc>
<msg timestamp="20220418 17:12:39.681" level="INFO" html="true">&lt;img src='sikuli_captured/sikuliximage-1650312759669.png'/&gt;</msg>
<status status="PASS" starttime="20220418 17:12:39.409" endtime="20220418 17:12:39.681"/>
</kw>
<status status="PASS" starttime="20220418 17:12:39.408" endtime="20220418 17:12:39.682"/>
</kw>
<tag>Cenário 07</tag>
<status status="PASS" starttime="20220418 17:12:35.629" endtime="20220418 17:12:39.683"/>
</test>
<test id="s1-s2-t8" name="Cenário 08: Criar novo usuário com sucesso">
<kw name="Add Users Image Path" library="usersBase" type="SETUP">
<kw name="Add Base Image Path" library="base">
<kw name="Add Image Path" library="SikuliLibrary">
<arg>${IMAGE_DIR}</arg>
<doc>Add image path</doc>
<status status="PASS" starttime="20220418 17:12:39.689" endtime="20220418 17:12:39.700"/>
</kw>
<kw name="Add Image Path" library="SikuliLibrary">
<arg>${IMAGE_DIR2}</arg>
<doc>Add image path</doc>
<status status="PASS" starttime="20220418 17:12:39.700" endtime="20220418 17:12:39.710"/>
</kw>
<kw name="Add Image Path" library="SikuliLibrary">
<arg>${IMAGE_DIR3}</arg>
<doc>Add image path</doc>
<status status="PASS" starttime="20220418 17:12:39.710" endtime="20220418 17:12:39.719"/>
</kw>
<kw name="Add Image Path" library="SikuliLibrary">
<arg>${IMAGE_DIR4}</arg>
<doc>Add image path</doc>
<status status="PASS" starttime="20220418 17:12:39.720" endtime="20220418 17:12:39.732"/>
</kw>
<status status="PASS" starttime="20220418 17:12:39.689" endtime="20220418 17:12:39.732"/>
</kw>
<kw name="Add Image Path" library="SikuliLibrary">
<arg>${USERS_IMAGE_DIR}</arg>
<doc>Add image path</doc>
<status status="PASS" starttime="20220418 17:12:39.732" endtime="20220418 17:12:39.739"/>
</kw>
<status status="PASS" starttime="20220418 17:12:39.688" endtime="20220418 17:12:39.739"/>
</kw>
<kw name="Log" library="BuiltIn">
<arg>"Criar novo usuário com sucesso"</arg>
<doc>Logs the given message with the given level.</doc>
<msg timestamp="20220418 17:12:39.740" level="INFO">"Criar novo usuário com sucesso"</msg>
<status status="PASS" starttime="20220418 17:12:39.740" endtime="20220418 17:12:39.740"/>
</kw>
<kw name="And fill the class field" library="usersBase">
<kw name="Click" library="SikuliLibrary">
<arg>Function2Box.png</arg>
<doc>Click</doc>
<msg timestamp="20220418 17:12:40.986" level="INFO" html="true">&lt;img src='sikuli_captured/sikuliximage-1650312760045.png'/&gt;
[log] CLICK on L[1135,797]@S(0) (565 msec)</msg>
<status status="PASS" starttime="20220418 17:12:39.742" endtime="20220418 17:12:40.986"/>
</kw>
<kw name="Sleep" library="BuiltIn">
<arg>1</arg>
<doc>Pauses the test executed for the given time.</doc>
<msg timestamp="20220418 17:12:41.987" level="INFO">Slept 1 second</msg>
<status status="PASS" starttime="20220418 17:12:40.986" endtime="20220418 17:12:41.987"/>
</kw>
<kw name="Press Special Key" library="SikuliLibrary">
<arg>DOWN</arg>
<doc>Press special key
 Presses a special keyboard key.</doc>
<msg timestamp="20220418 17:12:42.113" level="INFO">[log]  TYPE "#DOWN."</msg>
<status status="PASS" starttime="20220418 17:12:41.988" endtime="20220418 17:12:42.113"/>
</kw>
<kw name="Press Special Key" library="SikuliLibrary">
<arg>ENTER</arg>
<doc>Press special key
 Presses a special keyboard key.</doc>
<msg timestamp="20220418 17:12:42.233" level="INFO">[log]  TYPE "#ENTER."</msg>
<status status="PASS" starttime="20220418 17:12:42.114" endtime="20220418 17:12:42.233"/>
</kw>
<kw name="Press Special Key" library="SikuliLibrary">
<arg>TAB</arg>
<doc>Press special key
 Presses a special keyboard key.</doc>
<msg timestamp="20220418 17:12:42.342" level="INFO">[log]  TYPE "#TAB."</msg>
<status status="PASS" starttime="20220418 17:12:42.233" endtime="20220418 17:12:42.342"/>
</kw>
<status status="PASS" starttime="20220418 17:12:39.741" endtime="20220418 17:12:42.344"/>
</kw>
<kw name="And try to create user" library="usersBase">
<kw name="Click" library="SikuliLibrary">
<arg>ConfirmUser.png</arg>
<doc>Click</doc>
<msg timestamp="20220418 17:12:43.613" level="INFO" html="true">&lt;img src='sikuli_captured/sikuliximage-1650312762707.png'/&gt;
[log] CLICK on L[1116,870]@S(0) (580 msec)</msg>
<status status="PASS" starttime="20220418 17:12:42.344" endtime="20220418 17:12:43.613"/>
</kw>
<status status="PASS" starttime="20220418 17:12:42.344" endtime="20220418 17:12:43.613"/>
</kw>
<kw name="Then the successful new user creation message appeared" library="usersBase">
<kw name="Wait Until Screen Contain" library="SikuliLibrary">
<arg>CriaNovoUsuarioSucesso.png</arg>
<arg>${TEMPO}</arg>
<doc>Wait until screen contain
 Wait until image shown in screen</doc>
<msg timestamp="20220418 17:12:44.308" level="INFO" html="true">&lt;img src='sikuli_captured/sikuliximage-1650312764300.png'/&gt;</msg>
<status status="PASS" starttime="20220418 17:12:43.614" endtime="20220418 17:12:44.309"/>
</kw>
<status status="PASS" starttime="20220418 17:12:43.614" endtime="20220418 17:12:44.309"/>
</kw>
<kw name="Close Users Proprieties" library="usersBase">
<kw name="Right Click" library="SikuliLibrary">
<arg>PropriedadeDoUsuarioWindow.png</arg>
<doc>Right click</doc>
<msg timestamp="20220418 17:12:45.604" level="INFO" html="true">&lt;img src='sikuli_captured/sikuliximage-1650312764696.png'/&gt;
[log] RIGHT CLICK on L[787,255]@S(0) (564 msec)</msg>
<status status="PASS" starttime="20220418 17:12:44.311" endtime="20220418 17:12:45.604"/>
</kw>
<kw name="Click" library="SikuliLibrary">
<arg>Fechar4.png</arg>
<doc>Click</doc>
<msg timestamp="20220418 17:12:47.312" level="INFO" html="true">&lt;img src='sikuli_captured/sikuliximage-1650312766329.png'/&gt;
[log] CLICK on L[853,358]@S(0) (568 msec)</msg>
<status status="PASS" starttime="20220418 17:12:45.605" endtime="20220418 17:12:47.312"/>
</kw>
<status status="PASS" starttime="20220418 17:12:44.310" endtime="20220418 17:12:47.312"/>
</kw>
<tag>Cenário 08</tag>
<status status="PASS" starttime="20220418 17:12:39.686" endtime="20220418 17:12:47.313"/>
</test>
<status status="PASS" starttime="20220418 17:12:14.527" endtime="20220418 17:12:47.315"/>
</suite>
<suite id="s1-s3" name="changeUsersTest" source="C:\Users\radek\Documents\GitHub\SISCON_SmokeTest\tests\changeUsersTest.robot">
<test id="s1-s3-t1" name="Cenário 00: Setup">
<kw name="Add Change Users Image Path" library="changeUsersBase" type="SETUP">
<kw name="Add Base Image Path" library="base">
<kw name="Add Image Path" library="SikuliLibrary">
<arg>${IMAGE_DIR}</arg>
<doc>Add image path</doc>
<status status="PASS" starttime="20220418 17:12:47.333" endtime="20220418 17:12:47.337"/>
</kw>
<kw name="Add Image Path" library="SikuliLibrary">
<arg>${IMAGE_DIR2}</arg>
<doc>Add image path</doc>
<status status="PASS" starttime="20220418 17:12:47.337" endtime="20220418 17:12:47.341"/>
</kw>
<kw name="Add Image Path" library="SikuliLibrary">
<arg>${IMAGE_DIR3}</arg>
<doc>Add image path</doc>
<status status="PASS" starttime="20220418 17:12:47.341" endtime="20220418 17:12:47.344"/>
</kw>
<kw name="Add Image Path" library="SikuliLibrary">
<arg>${IMAGE_DIR4}</arg>
<doc>Add image path</doc>
<status status="PASS" starttime="20220418 17:12:47.344" endtime="20220418 17:12:47.348"/>
</kw>
<status status="PASS" starttime="20220418 17:12:47.332" endtime="20220418 17:12:47.348"/>
</kw>
<kw name="Add Image Path" library="SikuliLibrary">
<arg>${CHANGE_USERS_IMAGE_DIR}</arg>
<doc>Add image path</doc>
<status status="PASS" starttime="20220418 17:12:47.348" endtime="20220418 17:12:47.352"/>
</kw>
<status status="PASS" starttime="20220418 17:12:47.332" endtime="20220418 17:12:47.352"/>
</kw>
<if>
<branch type="IF" condition="&quot;${Environment}&quot; == &quot;dvl&quot;">
<kw name="Set Global Variable" library="BuiltIn">
<arg>${RuntimeSetting}</arg>
<arg>RuntimeSetting(dvl).PNG</arg>
<doc>Makes a variable available globally in all tests and suites.</doc>
<msg timestamp="20220418 17:12:47.353" level="INFO">${RuntimeSetting} = RuntimeSetting(dvl).PNG</msg>
<status status="PASS" starttime="20220418 17:12:47.353" endtime="20220418 17:12:47.353"/>
</kw>
<status status="PASS" starttime="20220418 17:12:47.353" endtime="20220418 17:12:47.353"/>
</branch>
<status status="PASS" starttime="20220418 17:12:47.352" endtime="20220418 17:12:47.353"/>
</if>
<if>
<branch type="IF" condition="&quot;${Environment}&quot; == &quot;admmst&quot;">
<kw name="Set Global Variable" library="BuiltIn">
<arg>${RuntimeSetting}</arg>
<arg>RuntimeSetting(admmst).PNG</arg>
<doc>Makes a variable available globally in all tests and suites.</doc>
<status status="NOT RUN" starttime="20220418 17:12:47.354" endtime="20220418 17:12:47.354"/>
</kw>
<status status="NOT RUN" starttime="20220418 17:12:47.353" endtime="20220418 17:12:47.354"/>
</branch>
<status status="PASS" starttime="20220418 17:12:47.353" endtime="20220418 17:12:47.354"/>
</if>
<tag>Cenário 00</tag>
<status status="PASS" starttime="20220418 17:12:47.331" endtime="20220418 17:12:47.354"/>
</test>
<test id="s1-s3-t2" name="Cenário 01: Abrir tela de Troca Usuário">
<kw name="Add Change Users Image Path" library="changeUsersBase" type="SETUP">
<kw name="Add Base Image Path" library="base">
<kw name="Add Image Path" library="SikuliLibrary">
<arg>${IMAGE_DIR}</arg>
<doc>Add image path</doc>
<status status="PASS" starttime="20220418 17:12:47.356" endtime="20220418 17:12:47.359"/>
</kw>
<kw name="Add Image Path" library="SikuliLibrary">
<arg>${IMAGE_DIR2}</arg>
<doc>Add image path</doc>
<status status="PASS" starttime="20220418 17:12:47.360" endtime="20220418 17:12:47.364"/>
</kw>
<kw name="Add Image Path" library="SikuliLibrary">
<arg>${IMAGE_DIR3}</arg>
<doc>Add image path</doc>
<status status="PASS" starttime="20220418 17:12:47.364" endtime="20220418 17:12:47.368"/>
</kw>
<kw name="Add Image Path" library="SikuliLibrary">
<arg>${IMAGE_DIR4}</arg>
<doc>Add image path</doc>
<status status="PASS" starttime="20220418 17:12:47.368" endtime="20220418 17:12:47.372"/>
</kw>
<status status="PASS" starttime="20220418 17:12:47.356" endtime="20220418 17:12:47.372"/>
</kw>
<kw name="Add Image Path" library="SikuliLibrary">
<arg>${CHANGE_USERS_IMAGE_DIR}</arg>
<doc>Add image path</doc>
<status status="PASS" starttime="20220418 17:12:47.372" endtime="20220418 17:12:47.375"/>
</kw>
<status status="PASS" starttime="20220418 17:12:47.355" endtime="20220418 17:12:47.376"/>
</kw>
<kw name="Log" library="BuiltIn">
<arg>"Abrir tela de Troca Usuário"</arg>
<doc>Logs the given message with the given level.</doc>
<msg timestamp="20220418 17:12:47.377" level="INFO">"Abrir tela de Troca Usuário"</msg>
<status status="PASS" starttime="20220418 17:12:47.376" endtime="20220418 17:12:47.377"/>
</kw>
<kw name="Given that I'm in BaSiDi" library="base">
<kw name="Screen Should Contain" library="SikuliLibrary">
<arg>Conectado.PNG</arg>
<doc>Screen should contain</doc>
<msg timestamp="20220418 17:12:47.779" level="INFO" html="true">&lt;img src='sikuli_captured/sikuliximage-1650312767769.png'/&gt;</msg>
<status status="PASS" starttime="20220418 17:12:47.377" endtime="20220418 17:12:47.779"/>
</kw>
<status status="PASS" starttime="20220418 17:12:47.377" endtime="20220418 17:12:47.779"/>
</kw>
<kw name="And clicked on &quot;Trocar Usuário&quot;" library="base">
<kw name="Click" library="SikuliLibrary">
<arg>TrocarUsuário.PNG</arg>
<doc>Click</doc>
<msg timestamp="20220418 17:12:49.130" level="INFO" html="true">&lt;img src='sikuli_captured/sikuliximage-1650312768166.png'/&gt;
[log] CLICK on L[321,177]@S(0) (573 msec)</msg>
<status status="PASS" starttime="20220418 17:12:47.782" endtime="20220418 17:12:49.130"/>
</kw>
<status status="PASS" starttime="20220418 17:12:47.781" endtime="20220418 17:12:49.130"/>
</kw>
<kw name="Then the change user windows should appeared" library="changeUsersBase">
<kw name="Wait Until Screen Contain" library="SikuliLibrary">
<arg>MudarUsuarioWindow.png</arg>
<arg>${TEMPO}</arg>
<doc>Wait until screen contain
 Wait until image shown in screen</doc>
<msg timestamp="20220418 17:12:49.589" level="INFO" html="true">&lt;img src='sikuli_captured/sikuliximage-1650312769582.png'/&gt;</msg>
<status status="PASS" starttime="20220418 17:12:49.131" endtime="20220418 17:12:49.590"/>
</kw>
<status status="PASS" starttime="20220418 17:12:49.130" endtime="20220418 17:12:49.590"/>
</kw>
<tag>Cenário 01</tag>
<status status="PASS" starttime="20220418 17:12:47.355" endtime="20220418 17:12:49.590"/>
</test>
<test id="s1-s3-t3" name="Cenário 02: Fill in the data">
<kw name="Add Change Users Image Path" library="changeUsersBase" type="SETUP">
<kw name="Add Base Image Path" library="base">
<kw name="Add Image Path" library="SikuliLibrary">
<arg>${IMAGE_DIR}</arg>
<doc>Add image path</doc>
<status status="PASS" starttime="20220418 17:12:49.594" endtime="20220418 17:12:49.598"/>
</kw>
<kw name="Add Image Path" library="SikuliLibrary">
<arg>${IMAGE_DIR2}</arg>
<doc>Add image path</doc>
<status status="PASS" starttime="20220418 17:12:49.598" endtime="20220418 17:12:49.603"/>
</kw>
<kw name="Add Image Path" library="SikuliLibrary">
<arg>${IMAGE_DIR3}</arg>
<doc>Add image path</doc>
<status status="PASS" starttime="20220418 17:12:49.603" endtime="20220418 17:12:49.608"/>
</kw>
<kw name="Add Image Path" library="SikuliLibrary">
<arg>${IMAGE_DIR4}</arg>
<doc>Add image path</doc>
<status status="PASS" starttime="20220418 17:12:49.608" endtime="20220418 17:12:49.613"/>
</kw>
<status status="PASS" starttime="20220418 17:12:49.593" endtime="20220418 17:12:49.614"/>
</kw>
<kw name="Add Image Path" library="SikuliLibrary">
<arg>${CHANGE_USERS_IMAGE_DIR}</arg>
<doc>Add image path</doc>
<status status="PASS" starttime="20220418 17:12:49.614" endtime="20220418 17:12:49.619"/>
</kw>
<status status="PASS" starttime="20220418 17:12:49.593" endtime="20220418 17:12:49.619"/>
</kw>
<kw name="Log" library="BuiltIn">
<arg>"Preenche formulário de troca de usuário"</arg>
<doc>Logs the given message with the given level.</doc>
<msg timestamp="20220418 17:12:49.620" level="INFO">"Preenche formulário de troca de usuário"</msg>
<status status="PASS" starttime="20220418 17:12:49.620" endtime="20220418 17:12:49.620"/>
</kw>
<kw name="Set Variable" library="BuiltIn">
<var>${Password}</var>
<arg>testeQA</arg>
<doc>Returns the given values which can then be assigned to a variables.</doc>
<msg timestamp="20220418 17:12:49.621" level="INFO">${Password} = testeQA</msg>
<status status="PASS" starttime="20220418 17:12:49.621" endtime="20220418 17:12:49.621"/>
</kw>
<kw name="When the data is filled" library="changeUsersBase">
<arg>${Login}</arg>
<arg>${Password}</arg>
<kw name="Input Text" library="SikuliLibrary">
<arg>NomeUsuario.PNG</arg>
<arg>${Login}</arg>
<doc>Input text.
 Image could be empty</doc>
<msg timestamp="20220418 17:12:51.472" level="INFO">Input Text:
testeQA</msg>
<msg timestamp="20220418 17:12:51.473" level="INFO" html="true">&lt;img src='sikuli_captured/sikuliximage-1650312769896.png'/&gt;
[log] CLICK on L[202,314]@S(0) (576 msec)
[log]  TYPE "testeQA"</msg>
<status status="PASS" starttime="20220418 17:12:49.623" endtime="20220418 17:12:51.473"/>
</kw>
<kw name="Press Special Key" library="SikuliLibrary">
<arg>TAB</arg>
<doc>Press special key
 Presses a special keyboard key.</doc>
<msg timestamp="20220418 17:12:51.595" level="INFO">[log]  TYPE "#TAB."</msg>
<status status="PASS" starttime="20220418 17:12:51.474" endtime="20220418 17:12:51.595"/>
</kw>
<kw name="Input Text" library="SikuliLibrary">
<arg>${EMPTY}</arg>
<arg>${Password}</arg>
<doc>Input text.
 Image could be empty</doc>
<msg timestamp="20220418 17:12:52.328" level="INFO">Input Text:
testeQA
[log]  TYPE "testeQA"</msg>
<status status="PASS" starttime="20220418 17:12:51.595" endtime="20220418 17:12:52.329"/>
</kw>
<kw name="Press Special Key" library="SikuliLibrary">
<arg>ENTER</arg>
<doc>Press special key
 Presses a special keyboard key.</doc>
<msg timestamp="20220418 17:12:52.449" level="INFO">[log]  TYPE "#ENTER."</msg>
<status status="PASS" starttime="20220418 17:12:52.329" endtime="20220418 17:12:52.450"/>
</kw>
<status status="PASS" starttime="20220418 17:12:49.622" endtime="20220418 17:12:52.450"/>
</kw>
<kw name="Then an expected error should appeared" library="changeUsersBase">
<kw name="Wait Until Screen Contain" library="SikuliLibrary">
<arg>Error1SenhaExpirada.PNG</arg>
<arg>${TEMPO}</arg>
<doc>Wait until screen contain
 Wait until image shown in screen</doc>
<msg timestamp="20220418 17:12:52.736" level="INFO" html="true">&lt;img src='sikuli_captured/sikuliximage-1650312772733.png'/&gt;</msg>
<status status="PASS" starttime="20220418 17:12:52.451" endtime="20220418 17:12:52.736"/>
</kw>
<status status="PASS" starttime="20220418 17:12:52.450" endtime="20220418 17:12:52.737"/>
</kw>
<tag>Cenário 02</tag>
<status status="PASS" starttime="20220418 17:12:49.592" endtime="20220418 17:12:52.737"/>
</test>
<test id="s1-s3-t4" name="Cenário 03: Close BaSiDi">
<kw name="Add Change Users Image Path" library="changeUsersBase" type="SETUP">
<kw name="Add Base Image Path" library="base">
<kw name="Add Image Path" library="SikuliLibrary">
<arg>${IMAGE_DIR}</arg>
<doc>Add image path</doc>
<status status="PASS" starttime="20220418 17:12:52.739" endtime="20220418 17:12:52.742"/>
</kw>
<kw name="Add Image Path" library="SikuliLibrary">
<arg>${IMAGE_DIR2}</arg>
<doc>Add image path</doc>
<status status="PASS" starttime="20220418 17:12:52.742" endtime="20220418 17:12:52.746"/>
</kw>
<kw name="Add Image Path" library="SikuliLibrary">
<arg>${IMAGE_DIR3}</arg>
<doc>Add image path</doc>
<status status="PASS" starttime="20220418 17:12:52.746" endtime="20220418 17:12:52.749"/>
</kw>
<kw name="Add Image Path" library="SikuliLibrary">
<arg>${IMAGE_DIR4}</arg>
<doc>Add image path</doc>
<status status="PASS" starttime="20220418 17:12:52.749" endtime="20220418 17:12:52.752"/>
</kw>
<status status="PASS" starttime="20220418 17:12:52.739" endtime="20220418 17:12:52.752"/>
</kw>
<kw name="Add Image Path" library="SikuliLibrary">
<arg>${CHANGE_USERS_IMAGE_DIR}</arg>
<doc>Add image path</doc>
<status status="PASS" starttime="20220418 17:12:52.752" endtime="20220418 17:12:52.755"/>
</kw>
<status status="PASS" starttime="20220418 17:12:52.738" endtime="20220418 17:12:52.756"/>
</kw>
<kw name="Log" library="BuiltIn">
<arg>"Fechar BaSiDi"</arg>
<doc>Logs the given message with the given level.</doc>
<msg timestamp="20220418 17:12:52.756" level="INFO">"Fechar BaSiDi"</msg>
<status status="PASS" starttime="20220418 17:12:52.756" endtime="20220418 17:12:52.756"/>
</kw>
<kw name="And try to close BasiDi" library="base">
<kw name="Click" library="SikuliLibrary">
<arg>Fechar.PNG</arg>
<arg>10</arg>
<arg>0</arg>
<doc>Click</doc>
<msg timestamp="20220418 17:12:53.594" level="INFO" html="true">&lt;img src='sikuli_captured/sikuliximage-1650312773030.png'/&gt;
[log] CLICK on L[1632,14]@S(0) (561 msec)</msg>
<status status="PASS" starttime="20220418 17:12:52.757" endtime="20220418 17:12:53.595"/>
</kw>
<kw name="Exists" library="SikuliLibrary">
<var>${exits}</var>
<arg>FecharWarning.PNG</arg>
<arg>2</arg>
<doc>Exists</doc>
<msg timestamp="20220418 17:12:55.707" level="INFO">${exits} = False</msg>
<status status="PASS" starttime="20220418 17:12:53.595" endtime="20220418 17:12:55.707"/>
</kw>
<if>
<branch type="IF" condition="&quot;${exits}&quot; == &quot;true&quot;">
<kw name="Click" library="SikuliLibrary">
<arg>FecharWarning.PNG</arg>
<arg>100</arg>
<arg>140</arg>
<doc>Click</doc>
<status status="NOT RUN" starttime="20220418 17:12:55.708" endtime="20220418 17:12:55.708"/>
</kw>
<status status="NOT RUN" starttime="20220418 17:12:55.708" endtime="20220418 17:12:55.708"/>
</branch>
<branch type="ELSE">
<kw name="Click" library="SikuliLibrary">
<arg>OK.PNG</arg>
<doc>Click</doc>
<msg timestamp="20220418 17:12:57.073" level="INFO" html="true">&lt;img src='sikuli_captured/sikuliximage-1650312776056.png'/&gt;
[log] CLICK on L[655,341]@S(0) (574 msec)</msg>
<status status="PASS" starttime="20220418 17:12:55.708" endtime="20220418 17:12:57.073"/>
</kw>
<status status="PASS" starttime="20220418 17:12:55.708" endtime="20220418 17:12:57.073"/>
</branch>
<status status="PASS" starttime="20220418 17:12:55.707" endtime="20220418 17:12:57.073"/>
</if>
<status status="PASS" starttime="20220418 17:12:52.756" endtime="20220418 17:12:57.073"/>
</kw>
<kw name="Then BasiDi should be closed sucessfully" library="base">
<kw name="Wait Until Screen Not Contain" library="SikuliLibrary">
<arg>FecharWarning.PNG</arg>
<arg>${TEMPO}</arg>
<doc>Wait until screen not contain
 Wait until image not in screen</doc>
<msg timestamp="20220418 17:12:57.660" level="INFO" html="true">&lt;img src='sikuli_captured/sikuliximage-1650312777370.png'/&gt;</msg>
<status status="PASS" starttime="20220418 17:12:57.074" endtime="20220418 17:12:57.661"/>
</kw>
<status status="PASS" starttime="20220418 17:12:57.073" endtime="20220418 17:12:57.661"/>
</kw>
<tag>Cenário 03</tag>
<status status="PASS" starttime="20220418 17:12:52.738" endtime="20220418 17:12:57.661"/>
</test>
<test id="s1-s3-t5" name="Cenário 04: Open BaSiDi">
<kw name="Add Change Users Image Path" library="changeUsersBase" type="SETUP">
<kw name="Add Base Image Path" library="base">
<kw name="Add Image Path" library="SikuliLibrary">
<arg>${IMAGE_DIR}</arg>
<doc>Add image path</doc>
<status status="PASS" starttime="20220418 17:12:57.663" endtime="20220418 17:12:57.667"/>
</kw>
<kw name="Add Image Path" library="SikuliLibrary">
<arg>${IMAGE_DIR2}</arg>
<doc>Add image path</doc>
<status status="PASS" starttime="20220418 17:12:57.667" endtime="20220418 17:12:57.668"/>
</kw>
<kw name="Add Image Path" library="SikuliLibrary">
<arg>${IMAGE_DIR3}</arg>
<doc>Add image path</doc>
<status status="PASS" starttime="20220418 17:12:57.670" endtime="20220418 17:12:57.671"/>
</kw>
<kw name="Add Image Path" library="SikuliLibrary">
<arg>${IMAGE_DIR4}</arg>
<doc>Add image path</doc>
<status status="PASS" starttime="20220418 17:12:57.671" endtime="20220418 17:12:57.677"/>
</kw>
<status status="PASS" starttime="20220418 17:12:57.663" endtime="20220418 17:12:57.677"/>
</kw>
<kw name="Add Image Path" library="SikuliLibrary">
<arg>${CHANGE_USERS_IMAGE_DIR}</arg>
<doc>Add image path</doc>
<status status="PASS" starttime="20220418 17:12:57.677" endtime="20220418 17:12:57.681"/>
</kw>
<status status="PASS" starttime="20220418 17:12:57.662" endtime="20220418 17:12:57.681"/>
</kw>
<kw name="Log" library="BuiltIn">
<arg>"Reabre o BaSiDi"</arg>
<doc>Logs the given message with the given level.</doc>
<msg timestamp="20220418 17:12:57.681" level="INFO">"Reabre o BaSiDi"</msg>
<status status="PASS" starttime="20220418 17:12:57.681" endtime="20220418 17:12:57.681"/>
</kw>
<kw name="When BaSiDi Login screen is opened" library="base">
<arg>${RuntimeSetting}</arg>
<kw name="Click" library="SikuliLibrary">
<arg>BarraDeBusca.PNG</arg>
<doc>Click</doc>
<msg timestamp="20220418 17:12:58.856" level="INFO" html="true">&lt;img src='sikuli_captured/sikuliximage-1650312777957.png'/&gt;
[log] CLICK on L[220,1059]@S(0) (563 msec)</msg>
<status status="PASS" starttime="20220418 17:12:57.682" endtime="20220418 17:12:58.856"/>
</kw>
<kw name="Sleep" library="BuiltIn">
<arg>0.5</arg>
<doc>Pauses the test executed for the given time.</doc>
<msg timestamp="20220418 17:12:59.372" level="INFO">Slept 500 milliseconds</msg>
<status status="PASS" starttime="20220418 17:12:58.856" endtime="20220418 17:12:59.372"/>
</kw>
<kw name="Input Text" library="SikuliLibrary">
<arg>${Empty}</arg>
<arg>cmd</arg>
<doc>Input text.
 Image could be empty</doc>
<msg timestamp="20220418 17:12:59.640" level="INFO">Input Text:
cmd
[log]  TYPE "cmd"</msg>
<status status="PASS" starttime="20220418 17:12:59.372" endtime="20220418 17:12:59.643"/>
</kw>
<kw name="Wait Until Screen Contain" library="SikuliLibrary">
<arg>CMD.png</arg>
<arg>${TEMPO}</arg>
<doc>Wait until screen contain
 Wait until image shown in screen</doc>
<msg timestamp="20220418 17:13:00.085" level="INFO" html="true">&lt;img src='sikuli_captured/sikuliximage-1650312780076.png'/&gt;</msg>
<status status="PASS" starttime="20220418 17:12:59.643" endtime="20220418 17:13:00.085"/>
</kw>
<kw name="Click" library="SikuliLibrary">
<arg>CMD.png</arg>
<doc>Click</doc>
<msg timestamp="20220418 17:13:01.289" level="INFO" html="true">&lt;img src='sikuli_captured/sikuliximage-1650312780440.png'/&gt;
[log] CLICK on L[221,515]@S(0) (564 msec)</msg>
<status status="PASS" starttime="20220418 17:13:00.085" endtime="20220418 17:13:01.289"/>
</kw>
<kw name="Sleep" library="BuiltIn">
<arg>0.5</arg>
<doc>Pauses the test executed for the given time.</doc>
<msg timestamp="20220418 17:13:01.792" level="INFO">Slept 500 milliseconds</msg>
<status status="PASS" starttime="20220418 17:13:01.289" endtime="20220418 17:13:01.792"/>
</kw>
<kw name="Paste Text" library="SikuliLibrary">
<arg>${Empty}</arg>
<arg>cd ${PATH}</arg>
<doc>Paste text. Image could be empty</doc>
<msg timestamp="20220418 17:13:01.872" level="INFO">Paste Text:
cd C:\Program Files\Siemens\SpectrumPower7\odvlauncher</msg>
<status status="PASS" starttime="20220418 17:13:01.793" endtime="20220418 17:13:01.872"/>
</kw>
<kw name="Press Special Key" library="SikuliLibrary">
<arg>ENTER</arg>
<doc>Press special key
 Presses a special keyboard key.</doc>
<msg timestamp="20220418 17:13:01.976" level="INFO">[log]  TYPE "#ENTER."</msg>
<status status="PASS" starttime="20220418 17:13:01.872" endtime="20220418 17:13:01.976"/>
</kw>
<kw name="Paste Text" library="SikuliLibrary">
<arg>${Empty}</arg>
<arg>${EXEC_SPECTRUM}</arg>
<doc>Paste text. Image could be empty</doc>
<msg timestamp="20220418 17:13:02.039" level="INFO">Paste Text:
odvlauncher.exe -admin</msg>
<status status="PASS" starttime="20220418 17:13:01.976" endtime="20220418 17:13:02.039"/>
</kw>
<kw name="Press Special Key" library="SikuliLibrary">
<arg>ENTER</arg>
<doc>Press special key
 Presses a special keyboard key.</doc>
<msg timestamp="20220418 17:13:02.141" level="INFO">[log]  TYPE "#ENTER."</msg>
<status status="PASS" starttime="20220418 17:13:02.039" endtime="20220418 17:13:02.142"/>
</kw>
<kw name="Click" library="SikuliLibrary">
<arg>CMDWindows1.PNG</arg>
<arg>850</arg>
<arg>0</arg>
<doc>Click</doc>
<msg timestamp="20220418 17:13:03.060" level="INFO" html="true">&lt;img src='sikuli_captured/sikuliximage-1650312782489.png'/&gt;
[log] CLICK on L[1150,197]@S(0) (566 msec)</msg>
<status status="PASS" starttime="20220418 17:13:02.142" endtime="20220418 17:13:03.060"/>
</kw>
<kw name="Double Click" library="SikuliLibrary">
<arg>${ENVIRONMENT}</arg>
<arg>-50</arg>
<arg>0</arg>
<doc>Double click</doc>
<msg timestamp="20220418 17:13:03.966" level="INFO" html="true">&lt;img src='sikuli_captured/sikuliximage-1650312783373.png'/&gt;
[log] DOUBLE CLICK on L[777,490]@S(0) (587 msec)</msg>
<status status="PASS" starttime="20220418 17:13:03.060" endtime="20220418 17:13:03.966"/>
</kw>
<status status="PASS" starttime="20220418 17:12:57.682" endtime="20220418 17:13:03.966"/>
</kw>
<kw name="Then an security message should appeared" library="base">
<kw name="Wait Until Screen Contain" library="SikuliLibrary">
<arg>LoginFechar.PNG</arg>
<arg>${TEMPO}</arg>
<doc>Wait until screen contain
 Wait until image shown in screen</doc>
<msg timestamp="20220418 17:13:07.012" level="INFO" html="true">&lt;img src='sikuli_captured/sikuliximage-1650312787005.png'/&gt;</msg>
<status status="PASS" starttime="20220418 17:13:03.966" endtime="20220418 17:13:07.012"/>
</kw>
<status status="PASS" starttime="20220418 17:13:03.966" endtime="20220418 17:13:07.012"/>
</kw>
<tag>Cenário 04</tag>
<status status="PASS" starttime="20220418 17:12:57.662" endtime="20220418 17:13:07.013"/>
</test>
<test id="s1-s3-t6" name="Cenário 05: Try Login in BaSiDi">
<kw name="Add Change Users Image Path" library="changeUsersBase" type="SETUP">
<kw name="Add Base Image Path" library="base">
<kw name="Add Image Path" library="SikuliLibrary">
<arg>${IMAGE_DIR}</arg>
<doc>Add image path</doc>
<status status="PASS" starttime="20220418 17:13:07.017" endtime="20220418 17:13:07.020"/>
</kw>
<kw name="Add Image Path" library="SikuliLibrary">
<arg>${IMAGE_DIR2}</arg>
<doc>Add image path</doc>
<status status="PASS" starttime="20220418 17:13:07.024" endtime="20220418 17:13:07.029"/>
</kw>
<kw name="Add Image Path" library="SikuliLibrary">
<arg>${IMAGE_DIR3}</arg>
<doc>Add image path</doc>
<status status="PASS" starttime="20220418 17:13:07.030" endtime="20220418 17:13:07.032"/>
</kw>
<kw name="Add Image Path" library="SikuliLibrary">
<arg>${IMAGE_DIR4}</arg>
<doc>Add image path</doc>
<status status="PASS" starttime="20220418 17:13:07.034" endtime="20220418 17:13:07.039"/>
</kw>
<status status="PASS" starttime="20220418 17:13:07.017" endtime="20220418 17:13:07.039"/>
</kw>
<kw name="Add Image Path" library="SikuliLibrary">
<arg>${CHANGE_USERS_IMAGE_DIR}</arg>
<doc>Add image path</doc>
<status status="PASS" starttime="20220418 17:13:07.039" endtime="20220418 17:13:07.043"/>
</kw>
<status status="PASS" starttime="20220418 17:13:07.015" endtime="20220418 17:13:07.043"/>
</kw>
<kw name="Log" library="BuiltIn">
<arg>"Preenche login e senha"</arg>
<doc>Logs the given message with the given level.</doc>
<msg timestamp="20220418 17:13:07.044" level="INFO">"Preenche login e senha"</msg>
<status status="PASS" starttime="20220418 17:13:07.044" endtime="20220418 17:13:07.045"/>
</kw>
<kw name="Set Variable" library="BuiltIn">
<var>${Password}</var>
<arg>testeQA</arg>
<doc>Returns the given values which can then be assigned to a variables.</doc>
<msg timestamp="20220418 17:13:07.045" level="INFO">${Password} = testeQA</msg>
<status status="PASS" starttime="20220418 17:13:07.045" endtime="20220418 17:13:07.045"/>
</kw>
<kw name="Log" library="BuiltIn">
<arg>"Tenta Logar no BaSiDi"</arg>
<doc>Logs the given message with the given level.</doc>
<msg timestamp="20220418 17:13:07.046" level="INFO">"Tenta Logar no BaSiDi"</msg>
<status status="PASS" starttime="20220418 17:13:07.046" endtime="20220418 17:13:07.046"/>
</kw>
<kw name="When the BaSiDi Login screen is filled" library="base">
<arg>${Login}</arg>
<arg>${Password}</arg>
<kw name="Click" library="SikuliLibrary">
<arg>LoginFechar.PNG</arg>
<arg>15</arg>
<doc>Click</doc>
<msg timestamp="20220418 17:13:07.938" level="INFO" html="true">&lt;img src='sikuli_captured/sikuliximage-1650312787372.png'/&gt;
[log] CLICK on L[1240,303]@S(0) (561 msec)</msg>
<status status="PASS" starttime="20220418 17:13:07.046" endtime="20220418 17:13:07.938"/>
</kw>
<kw name="Sleep" library="BuiltIn">
<arg>0.5</arg>
<doc>Pauses the test executed for the given time.</doc>
<msg timestamp="20220418 17:13:08.447" level="INFO">Slept 500 milliseconds</msg>
<status status="PASS" starttime="20220418 17:13:07.938" endtime="20220418 17:13:08.447"/>
</kw>
<kw name="Input Text" library="SikuliLibrary">
<arg>LoginUsuario.PNG</arg>
<arg>${Login}</arg>
<doc>Input text.
 Image could be empty</doc>
<msg timestamp="20220418 17:13:10.303" level="INFO">Input Text:
testeQA</msg>
<msg timestamp="20220418 17:13:10.303" level="INFO" html="true">&lt;img src='sikuli_captured/sikuliximage-1650312788756.png'/&gt;
[log] CLICK on L[965,320]@S(0) (558 msec)
[log]  TYPE "testeQA"</msg>
<status status="PASS" starttime="20220418 17:13:08.447" endtime="20220418 17:13:10.303"/>
</kw>
<kw name="Press Special Key" library="SikuliLibrary">
<arg>TAB</arg>
<doc>Press special key
 Presses a special keyboard key.</doc>
<msg timestamp="20220418 17:13:10.405" level="INFO">[log]  TYPE "#TAB."</msg>
<status status="PASS" starttime="20220418 17:13:10.303" endtime="20220418 17:13:10.405"/>
</kw>
<kw name="Input Text" library="SikuliLibrary">
<arg>${EMPTY}</arg>
<arg>${Password}</arg>
<doc>Input text.
 Image could be empty</doc>
<msg timestamp="20220418 17:13:11.106" level="INFO">Input Text:
testeQA
[log]  TYPE "testeQA"</msg>
<status status="PASS" starttime="20220418 17:13:10.405" endtime="20220418 17:13:11.106"/>
</kw>
<kw name="Press Special Key" library="SikuliLibrary">
<arg>ENTER</arg>
<doc>Press special key
 Presses a special keyboard key.</doc>
<msg timestamp="20220418 17:13:11.222" level="INFO">[log]  TYPE "#ENTER."</msg>
<status status="PASS" starttime="20220418 17:13:11.106" endtime="20220418 17:13:11.222"/>
</kw>
<status status="PASS" starttime="20220418 17:13:07.046" endtime="20220418 17:13:11.222"/>
</kw>
<kw name="Then an expered password message should appeared" library="base">
<kw name="Wait Until Screen Contain" library="SikuliLibrary">
<arg>LoginError1.PNG</arg>
<arg>${TEMPO}</arg>
<doc>Wait until screen contain
 Wait until image shown in screen</doc>
<msg timestamp="20220418 17:13:11.866" level="INFO" html="true">&lt;img src='sikuli_captured/sikuliximage-1650312791859.png'/&gt;</msg>
<status status="PASS" starttime="20220418 17:13:11.229" endtime="20220418 17:13:11.868"/>
</kw>
<status status="PASS" starttime="20220418 17:13:11.227" endtime="20220418 17:13:11.868"/>
</kw>
<tag>Cenário 05</tag>
<status status="PASS" starttime="20220418 17:13:07.015" endtime="20220418 17:13:11.869"/>
</test>
<test id="s1-s3-t7" name="Cenário 06: New password failure">
<kw name="Add Change Users Image Path" library="changeUsersBase" type="SETUP">
<kw name="Add Base Image Path" library="base">
<kw name="Add Image Path" library="SikuliLibrary">
<arg>${IMAGE_DIR}</arg>
<doc>Add image path</doc>
<status status="PASS" starttime="20220418 17:13:11.872" endtime="20220418 17:13:11.873"/>
</kw>
<kw name="Add Image Path" library="SikuliLibrary">
<arg>${IMAGE_DIR2}</arg>
<doc>Add image path</doc>
<status status="PASS" starttime="20220418 17:13:11.878" endtime="20220418 17:13:11.879"/>
</kw>
<kw name="Add Image Path" library="SikuliLibrary">
<arg>${IMAGE_DIR3}</arg>
<doc>Add image path</doc>
<status status="PASS" starttime="20220418 17:13:11.879" endtime="20220418 17:13:11.879"/>
</kw>
<kw name="Add Image Path" library="SikuliLibrary">
<arg>${IMAGE_DIR4}</arg>
<doc>Add image path</doc>
<status status="PASS" starttime="20220418 17:13:11.879" endtime="20220418 17:13:11.891"/>
</kw>
<status status="PASS" starttime="20220418 17:13:11.872" endtime="20220418 17:13:11.891"/>
</kw>
<kw name="Add Image Path" library="SikuliLibrary">
<arg>${CHANGE_USERS_IMAGE_DIR}</arg>
<doc>Add image path</doc>
<status status="PASS" starttime="20220418 17:13:11.891" endtime="20220418 17:13:11.895"/>
</kw>
<status status="PASS" starttime="20220418 17:13:11.871" endtime="20220418 17:13:11.895"/>
</kw>
<kw name="Log" library="BuiltIn">
<arg>"Falha em gerar uma nova senha"</arg>
<doc>Logs the given message with the given level.</doc>
<msg timestamp="20220418 17:13:11.895" level="INFO">"Falha em gerar uma nova senha"</msg>
<status status="PASS" starttime="20220418 17:13:11.895" endtime="20220418 17:13:11.896"/>
</kw>
<kw name="Set Variable" library="BuiltIn">
<var>${Password}</var>
<arg>testeQA</arg>
<doc>Returns the given values which can then be assigned to a variables.</doc>
<msg timestamp="20220418 17:13:11.896" level="INFO">${Password} = testeQA</msg>
<status status="PASS" starttime="20220418 17:13:11.896" endtime="20220418 17:13:11.896"/>
</kw>
<kw name="When the BaSiDi new password field is filled" library="base">
<arg>${Password}</arg>
<kw name="Paste Text" library="SikuliLibrary">
<arg>${Empty}</arg>
<arg>${Password}</arg>
<doc>Paste text. Image could be empty</doc>
<msg timestamp="20220418 17:13:11.968" level="INFO">Paste Text:
testeQA</msg>
<status status="PASS" starttime="20220418 17:13:11.896" endtime="20220418 17:13:11.968"/>
</kw>
<kw name="Press Special Key" library="SikuliLibrary">
<arg>TAB</arg>
<doc>Press special key
 Presses a special keyboard key.</doc>
<msg timestamp="20220418 17:13:12.073" level="INFO">[log]  TYPE "#TAB."</msg>
<status status="PASS" starttime="20220418 17:13:11.968" endtime="20220418 17:13:12.073"/>
</kw>
<kw name="Sleep" library="BuiltIn">
<arg>0.5</arg>
<doc>Pauses the test executed for the given time.</doc>
<msg timestamp="20220418 17:13:12.581" level="INFO">Slept 500 milliseconds</msg>
<status status="PASS" starttime="20220418 17:13:12.073" endtime="20220418 17:13:12.581"/>
</kw>
<kw name="Paste Text" library="SikuliLibrary">
<arg>${Empty}</arg>
<arg>${Password}</arg>
<doc>Paste text. Image could be empty</doc>
[...]
[log] CLICK on L[1182,180]@S(0) (557 msec)</msg>
<status status="PASS" starttime="20220418 17:20:10.561" endtime="20220418 17:20:11.743"/>
</kw>
<status status="PASS" starttime="20220418 17:20:10.560" endtime="20220418 17:20:11.743"/>
</kw>
<kw name="Then the screen should/shouldn't contain the Custom card" library="cardsBase">
<arg>${Nome_B1}</arg>
<arg>${Nome_B2}</arg>
<arg>${Nome_B3}</arg>
<arg>${Cartoes_Report}</arg>
<arg>${Cartoes_Custom_Window}</arg>
<arg>${False}</arg>
<kw name="Then the Cards screen should appeared" library="cardsBase">
<arg>${Cartoes_Custom_Window}</arg>
<kw name="Sleep" library="BuiltIn">
<arg>5</arg>
<doc>Pauses the test executed for the given time.</doc>
<msg timestamp="20220418 17:20:16.760" level="INFO">Slept 5 seconds</msg>
<status status="PASS" starttime="20220418 17:20:11.745" endtime="20220418 17:20:16.760"/>
</kw>
<kw name="Get Match Score" library="SikuliLibrary">
<var>${score}</var>
<arg>${Cartoes_Custom_Window}</arg>
<doc>Get match scoreTries to find the image on the screen, returns accuracy score (0-1)</doc>
<msg timestamp="20220418 17:20:17.189" level="INFO" html="true">&lt;img src='sikuli_captured/sikuliximage-1650313217179.png'/&gt;</msg>
<msg timestamp="20220418 17:20:17.190" level="INFO">${score} = 0.9999997615814209</msg>
<status status="PASS" starttime="20220418 17:20:16.761" endtime="20220418 17:20:17.190"/>
</kw>
<if>
<branch type="IF" condition="${score} &lt; 0.92">
<kw name="Fail" library="BuiltIn">
<arg>Given image did not achieve the ${score} score.</arg>
<doc>Fails the test with the given message and optionally alters its tags.</doc>
<status status="NOT RUN" starttime="20220418 17:20:17.191" endtime="20220418 17:20:17.191"/>
</kw>
<status status="NOT RUN" starttime="20220418 17:20:17.190" endtime="20220418 17:20:17.191"/>
</branch>
<status status="PASS" starttime="20220418 17:20:17.190" endtime="20220418 17:20:17.191"/>
</if>
<status status="PASS" starttime="20220418 17:20:11.745" endtime="20220418 17:20:17.192"/>
</kw>
<kw name="And refresh the search bar" library="cardsBase">
<kw name="Click" library="SikuliLibrary">
<arg>FiltroLaranja.PNG</arg>
<doc>Click</doc>
<msg timestamp="20220418 17:20:18.401" level="INFO" html="true">&lt;img src='sikuli_captured/sikuliximage-1650313217556.png'/&gt;
[log] CLICK on L[670,403]@S(0) (560 msec)</msg>
<status status="PASS" starttime="20220418 17:20:17.193" endtime="20220418 17:20:18.401"/>
</kw>
<kw name="Mouse Move" library="SikuliLibrary">
<arg>conectado.png</arg>
<doc>Mouse moveMove the mouse pointer to the target</doc>
<msg timestamp="20220418 17:20:19.303" level="INFO" html="true">&lt;img src='sikuli_captured/sikuliximage-1650313218778.png'/&gt;</msg>
<status status="PASS" starttime="20220418 17:20:18.401" endtime="20220418 17:20:19.303"/>
</kw>
<kw name="Click" library="SikuliLibrary">
<arg>FiltroAzul.PNG</arg>
<doc>Click</doc>
<msg timestamp="20220418 17:20:20.494" level="INFO" html="true">&lt;img src='sikuli_captured/sikuliximage-1650313219650.png'/&gt;
[log] CLICK on L[670,401]@S(0) (554 msec)</msg>
<status status="PASS" starttime="20220418 17:20:19.303" endtime="20220418 17:20:20.494"/>
</kw>
<status status="PASS" starttime="20220418 17:20:17.192" endtime="20220418 17:20:20.494"/>
</kw>
<kw name="And filled the card search bar" library="cardsBase">
<arg>${Nome_B1}</arg>
<arg>${Nome_B2}</arg>
<arg>${Nome_B3}</arg>
<kw name="Click" library="SikuliLibrary">
<arg>InputBoxCard.png</arg>
<doc>Click</doc>
<msg timestamp="20220418 17:20:22.072" level="INFO" html="true">&lt;img src='sikuli_captured/sikuliximage-1650313221166.png'/&gt;
[log] CLICK on L[475,437]@S(0) (575 msec)</msg>
<status status="PASS" starttime="20220418 17:20:20.495" endtime="20220418 17:20:22.072"/>
</kw>
<kw name="Input Text" library="SikuliLibrary">
<arg>${EMPTY}</arg>
<arg>${Nome_B1}</arg>
<doc>Input text.
 Image could be empty</doc>
<msg timestamp="20220418 17:20:22.648" level="INFO">Input Text:
US-S3
[log]  TYPE "US-S3"</msg>
<status status="PASS" starttime="20220418 17:20:22.073" endtime="20220418 17:20:22.649"/>
</kw>
<kw name="Press Special Key" library="SikuliLibrary">
<arg>TAB</arg>
<doc>Press special key
 Presses a special keyboard key.</doc>
<msg timestamp="20220418 17:20:22.757" level="INFO">[log]  TYPE "#TAB."</msg>
<status status="PASS" starttime="20220418 17:20:22.649" endtime="20220418 17:20:22.758"/>
</kw>
<kw name="Press Special Key" library="SikuliLibrary">
<arg>TAB</arg>
<doc>Press special key
 Presses a special keyboard key.</doc>
<msg timestamp="20220418 17:20:22.879" level="INFO">[log]  TYPE "#TAB."</msg>
<status status="PASS" starttime="20220418 17:20:22.758" endtime="20220418 17:20:22.879"/>
</kw>
<kw name="Input Text" library="SikuliLibrary">
<arg>${EMPTY}</arg>
<arg>${Nome_B2}</arg>
<doc>Input text.
 Image could be empty</doc>
<msg timestamp="20220418 17:20:23.083" level="INFO">Input Text:
13
[log]  TYPE "13"</msg>
<status status="PASS" starttime="20220418 17:20:22.879" endtime="20220418 17:20:23.084"/>
</kw>
<kw name="Press Special Key" library="SikuliLibrary">
<arg>TAB</arg>
<doc>Press special key
 Presses a special keyboard key.</doc>
<msg timestamp="20220418 17:20:23.192" level="INFO">[log]  TYPE "#TAB."</msg>
<status status="PASS" starttime="20220418 17:20:23.084" endtime="20220418 17:20:23.192"/>
</kw>
<kw name="Press Special Key" library="SikuliLibrary">
<arg>TAB</arg>
<doc>Press special key
 Presses a special keyboard key.</doc>
<msg timestamp="20220418 17:20:23.301" level="INFO">[log]  TYPE "#TAB."</msg>
<status status="PASS" starttime="20220418 17:20:23.192" endtime="20220418 17:20:23.301"/>
</kw>
<kw name="Input Text" library="SikuliLibrary">
<arg>${EMPTY}</arg>
<arg>${Nome_B3}</arg>
<doc>Input text.
 Image could be empty</doc>
<msg timestamp="20220418 17:20:23.704" level="INFO">Input Text:
Bay7
[log]  TYPE "Bay7"</msg>
<status status="PASS" starttime="20220418 17:20:23.301" endtime="20220418 17:20:23.704"/>
</kw>
<kw name="Press Special Key" library="SikuliLibrary">
<arg>ENTER</arg>
<doc>Press special key
 Presses a special keyboard key.</doc>
<msg timestamp="20220418 17:20:23.813" level="INFO">[log]  TYPE "#ENTER."</msg>
<status status="PASS" starttime="20220418 17:20:23.705" endtime="20220418 17:20:23.813"/>
</kw>
<status status="PASS" starttime="20220418 17:20:20.494" endtime="20220418 17:20:23.813"/>
</kw>
<kw name="Sleep" library="BuiltIn">
<arg>2</arg>
<doc>Pauses the test executed for the given time.</doc>
<msg timestamp="20220418 17:20:25.820" level="INFO">Slept 2 seconds</msg>
<status status="PASS" starttime="20220418 17:20:23.813" endtime="20220418 17:20:25.821"/>
</kw>
<if>
<branch type="IF" condition="${Should_Contain} == True">
<kw name="Wait Until Screen Contain" library="SikuliLibrary">
<arg>${Cartoes_Report}</arg>
<arg>${TEMPO}</arg>
<doc>Wait until screen contain
 Wait until image shown in screen</doc>
<status status="NOT RUN" starttime="20220418 17:20:25.822" endtime="20220418 17:20:25.823"/>
</kw>
<status status="NOT RUN" starttime="20220418 17:20:25.822" endtime="20220418 17:20:25.823"/>
</branch>
<branch type="ELSE">
<kw name="Wait Until Screen Not Contain" library="SikuliLibrary">
<arg>${Cartoes_Report}</arg>
<arg>${TEMPO}</arg>
<doc>Wait until screen not contain
 Wait until image not in screen</doc>
<msg timestamp="20220418 17:20:26.346" level="INFO" html="true">&lt;img src='sikuli_captured/sikuliximage-1650313226165.png'/&gt;</msg>
<status status="PASS" starttime="20220418 17:20:25.823" endtime="20220418 17:20:26.346"/>
</kw>
<status status="PASS" starttime="20220418 17:20:25.823" endtime="20220418 17:20:26.347"/>
</branch>
<status status="PASS" starttime="20220418 17:20:25.821" endtime="20220418 17:20:26.347"/>
</if>
<status status="PASS" starttime="20220418 17:20:11.743" endtime="20220418 17:20:26.347"/>
</kw>
<kw name="Close card window" library="cardsBase">
<arg>${Cartoes_Custom_Window}</arg>
<kw name="Right Click" library="SikuliLibrary">
<arg>${Cartoes_Custom_Window}</arg>
<doc>Right click</doc>
<msg timestamp="20220418 17:20:27.619" level="INFO" html="true">&lt;img src='sikuli_captured/sikuliximage-1650313226711.png'/&gt;
[log] RIGHT CLICK on L[450,255]@S(0) (564 msec)</msg>
<status status="PASS" starttime="20220418 17:20:26.348" endtime="20220418 17:20:27.619"/>
</kw>
<kw name="Click" library="SikuliLibrary">
<arg>fechar4.png</arg>
<doc>Click</doc>
<msg timestamp="20220418 17:20:29.144" level="INFO" html="true">&lt;img src='sikuli_captured/sikuliximage-1650313228305.png'/&gt;
[log] CLICK on L[516,358]@S(0) (556 msec)</msg>
<status status="PASS" starttime="20220418 17:20:27.619" endtime="20220418 17:20:29.144"/>
</kw>
<status status="PASS" starttime="20220418 17:20:26.347" endtime="20220418 17:20:29.144"/>
</kw>
<tag>Cenário 22</tag>
<status status="PASS" starttime="20220418 17:20:10.130" endtime="20220418 17:20:29.145"/>
</test>
<test id="s1-s7-t24" name="Cenário 23: Close Windows">
<kw name="Add Cards Image Path" library="cardsBase" type="SETUP">
<kw name="Add Base Image Path" library="base">
<kw name="Add Image Path" library="SikuliLibrary">
<arg>${IMAGE_DIR}</arg>
<doc>Add image path</doc>
<status status="PASS" starttime="20220418 17:20:29.147" endtime="20220418 17:20:29.150"/>
</kw>
<kw name="Add Image Path" library="SikuliLibrary">
<arg>${IMAGE_DIR2}</arg>
<doc>Add image path</doc>
<status status="PASS" starttime="20220418 17:20:29.150" endtime="20220418 17:20:29.154"/>
</kw>
<kw name="Add Image Path" library="SikuliLibrary">
<arg>${IMAGE_DIR3}</arg>
<doc>Add image path</doc>
<status status="PASS" starttime="20220418 17:20:29.154" endtime="20220418 17:20:29.157"/>
</kw>
<kw name="Add Image Path" library="SikuliLibrary">
<arg>${IMAGE_DIR4}</arg>
<doc>Add image path</doc>
<status status="PASS" starttime="20220418 17:20:29.157" endtime="20220418 17:20:29.161"/>
</kw>
<status status="PASS" starttime="20220418 17:20:29.147" endtime="20220418 17:20:29.161"/>
</kw>
<kw name="Add Image Path" library="SikuliLibrary">
<arg>${CARDS_IMAGE_DIR}</arg>
<doc>Add image path</doc>
<status status="PASS" starttime="20220418 17:20:29.161" endtime="20220418 17:20:29.164"/>
</kw>
<kw name="Add Image Path" library="SikuliLibrary">
<arg>${CARDS_IMAGE_DIR2}</arg>
<doc>Add image path</doc>
<status status="PASS" starttime="20220418 17:20:29.165" endtime="20220418 17:20:29.169"/>
</kw>
<status status="PASS" starttime="20220418 17:20:29.146" endtime="20220418 17:20:29.169"/>
</kw>
<kw name="Close all non-BaSiDi windows" library="base">
<kw name="Get Match Score" library="SikuliLibrary">
<var>${score}</var>
<arg>Fechar3.PNG</arg>
<doc>Get match scoreTries to find the image on the screen, returns accuracy score (0-1)</doc>
<msg timestamp="20220418 17:20:29.598" level="INFO" html="true">&lt;img src='sikuli_captured/sikuliximage-1650313229596.png'/&gt;</msg>
<msg timestamp="20220418 17:20:29.598" level="INFO">${score} = 1.0</msg>
<status status="PASS" starttime="20220418 17:20:29.170" endtime="20220418 17:20:29.598"/>
</kw>
<for flavor="IN RANGE">
<var>${counter}</var>
<value>0</value>
<value>9999</value>
<iter>
<var name="${counter}">0</var>
<kw name="Get Match Score" library="SikuliLibrary">
<var>${score}</var>
<arg>Fechar3.PNG</arg>
<doc>Get match scoreTries to find the image on the screen, returns accuracy score (0-1)</doc>
<msg timestamp="20220418 17:20:29.961" level="INFO" html="true">&lt;img src='sikuli_captured/sikuliximage-1650313229959.png'/&gt;</msg>
<msg timestamp="20220418 17:20:29.961" level="INFO">${score} = 1.0</msg>
<status status="PASS" starttime="20220418 17:20:29.599" endtime="20220418 17:20:29.961"/>
</kw>
<kw name="Exit For Loop If" library="BuiltIn">
<arg>${score} &lt; 0.92</arg>
<doc>Stops executing the enclosing for loop if the ``condition`` is true.</doc>
<status status="PASS" starttime="20220418 17:20:29.961" endtime="20220418 17:20:29.961"/>
</kw>
<kw name="Click" library="SikuliLibrary">
<arg>Fechar3.PNG</arg>
<arg>15</arg>
<arg>0</arg>
<doc>Click</doc>
<msg timestamp="20220418 17:20:30.861" level="INFO" html="true">&lt;img src='sikuli_captured/sikuliximage-1650313230301.png'/&gt;
[log] CLICK on L[1902,257]@S(0) (557 msec)</msg>
<status status="PASS" starttime="20220418 17:20:29.962" endtime="20220418 17:20:30.861"/>
</kw>
<kw name="Mouse Move" library="SikuliLibrary">
<arg>BasidiWindow.PNG</arg>
<doc>Mouse moveMove the mouse pointer to the target</doc>
<msg timestamp="20220418 17:20:31.737" level="INFO" html="true">&lt;img src='sikuli_captured/sikuliximage-1650313231207.png'/&gt;</msg>
<status status="PASS" starttime="20220418 17:20:30.861" endtime="20220418 17:20:31.737"/>
</kw>
<kw name="Sleep" library="BuiltIn">
<arg>1</arg>
<doc>Pauses the test executed for the given time.</doc>
<msg timestamp="20220418 17:20:32.749" level="INFO">Slept 1 second</msg>
<status status="PASS" starttime="20220418 17:20:31.737" endtime="20220418 17:20:32.749"/>
</kw>
<status status="PASS" starttime="20220418 17:20:29.599" endtime="20220418 17:20:32.749"/>
</iter>
<iter>
<var name="${counter}">1</var>
<kw name="Get Match Score" library="SikuliLibrary">
<var>${score}</var>
<arg>Fechar3.PNG</arg>
<doc>Get match scoreTries to find the image on the screen, returns accuracy score (0-1)</doc>
<msg timestamp="20220418 17:20:33.128" level="INFO" html="true">&lt;img src='sikuli_captured/sikuliximage-1650313233124.png'/&gt;</msg>
<msg timestamp="20220418 17:20:33.128" level="INFO">${score} = 0.9999998211860657</msg>
<status status="PASS" starttime="20220418 17:20:32.750" endtime="20220418 17:20:33.128"/>
</kw>
<kw name="Exit For Loop If" library="BuiltIn">
<arg>${score} &lt; 0.92</arg>
<doc>Stops executing the enclosing for loop if the ``condition`` is true.</doc>
<status status="PASS" starttime="20220418 17:20:33.128" endtime="20220418 17:20:33.129"/>
</kw>
<kw name="Click" library="SikuliLibrary">
<arg>Fechar3.PNG</arg>
<arg>15</arg>
<arg>0</arg>
<doc>Click</doc>
<msg timestamp="20220418 17:20:34.108" level="INFO" html="true">&lt;img src='sikuli_captured/sikuliximage-1650313233545.png'/&gt;
[log] CLICK on L[1547,257]@S(0) (561 msec)</msg>
<status status="PASS" starttime="20220418 17:20:33.130" endtime="20220418 17:20:34.108"/>
</kw>
<kw name="Mouse Move" library="SikuliLibrary">
<arg>BasidiWindow.PNG</arg>
<doc>Mouse moveMove the mouse pointer to the target</doc>
<msg timestamp="20220418 17:20:34.932" level="INFO" html="true">&lt;img src='sikuli_captured/sikuliximage-1650313234409.png'/&gt;</msg>
<status status="PASS" starttime="20220418 17:20:34.109" endtime="20220418 17:20:34.933"/>
</kw>
<kw name="Sleep" library="BuiltIn">
<arg>1</arg>
<doc>Pauses the test executed for the given time.</doc>
<msg timestamp="20220418 17:20:35.938" level="INFO">Slept 1 second</msg>
<status status="PASS" starttime="20220418 17:20:34.933" endtime="20220418 17:20:35.939"/>
</kw>
<status status="PASS" starttime="20220418 17:20:32.750" endtime="20220418 17:20:35.939"/>
</iter>
<iter>
<var name="${counter}">2</var>
<kw name="Get Match Score" library="SikuliLibrary">
<var>${score}</var>
<arg>Fechar3.PNG</arg>
<doc>Get match scoreTries to find the image on the screen, returns accuracy score (0-1)</doc>
<msg timestamp="20220418 17:20:36.351" level="INFO" html="true">&lt;img src='sikuli_captured/sikuliximage-1650313236348.png'/&gt;</msg>
<msg timestamp="20220418 17:20:36.351" level="INFO">${score} = 0.7461572289466858</msg>
<status status="PASS" starttime="20220418 17:20:35.940" endtime="20220418 17:20:36.351"/>
</kw>
<kw name="Exit For Loop If" library="BuiltIn">
<arg>${score} &lt; 0.92</arg>
<doc>Stops executing the enclosing for loop if the ``condition`` is true.</doc>
<msg timestamp="20220418 17:20:36.352" level="INFO">Exiting for loop altogether.</msg>
<status status="PASS" starttime="20220418 17:20:36.352" endtime="20220418 17:20:36.352"/>
</kw>
<status status="PASS" starttime="20220418 17:20:35.939" endtime="20220418 17:20:36.352"/>
</iter>
<status status="PASS" starttime="20220418 17:20:29.599" endtime="20220418 17:20:36.353"/>
</for>
<status status="PASS" starttime="20220418 17:20:29.170" endtime="20220418 17:20:36.353"/>
</kw>
<tag>Cenário 23</tag>
<status status="PASS" starttime="20220418 17:20:29.146" endtime="20220418 17:20:36.353"/>
</test>
<status status="PASS" starttime="20220418 17:15:32.055" endtime="20220418 17:20:36.355"/>
</suite>
<status status="PASS" starttime="20220418 17:11:56.324" endtime="20220418 17:20:36.363"/>
</suite>
<statistics>
<total>
<stat pass="63" fail="0" skip="0">All Tests</stat>
</total>
<tag>
<stat pass="4" fail="0" skip="0">Cenário 00</stat>
<stat pass="6" fail="0" skip="0">Cenário 01</stat>
<stat pass="6" fail="0" skip="0">Cenário 02</stat>
<stat pass="5" fail="0" skip="0">Cenário 03</stat>
<stat pass="4" fail="0" skip="0">Cenário 04</stat>
<stat pass="4" fail="0" skip="0">Cenário 05</stat>
<stat pass="4" fail="0" skip="0">Cenário 06</stat>
<stat pass="4" fail="0" skip="0">Cenário 07</stat>
<stat pass="4" fail="0" skip="0">Cenário 08</stat>
<stat pass="2" fail="0" skip="0">Cenário 09</stat>
<stat pass="2" fail="0" skip="0">Cenário 10</stat>
<stat pass="2" fail="0" skip="0">Cenário 11</stat>
<stat pass="2" fail="0" skip="0">Cenário 12</stat>
<stat pass="2" fail="0" skip="0">Cenário 13</stat>
<stat pass="2" fail="0" skip="0">Cenário 14</stat>
<stat pass="1" fail="0" skip="0">Cenário 15</stat>
<stat pass="1" fail="0" skip="0">Cenário 16</stat>
<stat pass="1" fail="0" skip="0">Cenário 17</stat>
<stat pass="1" fail="0" skip="0">Cenário 18</stat>
<stat pass="1" fail="0" skip="0">Cenário 19</stat>
<stat pass="1" fail="0" skip="0">Cenário 20</stat>
<stat pass="1" fail="0" skip="0">Cenário 21</stat>
<stat pass="1" fail="0" skip="0">Cenário 22</stat>
<stat pass="1" fail="0" skip="0">Cenário 23</stat>
</tag>
<suite>
<stat pass="63" fail="0" skip="0" id="s1" name="openBasidiTest &amp; usersTest &amp; changeUsersTest &amp; deleteUsersTest &amp; alarmScreensTest &amp; createAlarm &amp; cardsTest">openBasidiTest &amp; usersTest &amp; changeUsersTest &amp; deleteUsersTest &amp; alarmScreensTest &amp; createAlarm &amp; cardsTest</stat>
<stat pass="3" fail="0" skip="0" id="s1-s1" name="openBasidiTest">openBasidiTest &amp; usersTest &amp; changeUsersTest &amp; deleteUsersTest &amp; alarmScreensTest &amp; createAlarm &amp; cardsTest.openBasidiTest</stat>
<stat pass="8" fail="0" skip="0" id="s1-s2" name="usersTest">openBasidiTest &amp; usersTest &amp; changeUsersTest &amp; deleteUsersTest &amp; alarmScreensTest &amp; createAlarm &amp; cardsTest.usersTest</stat>
<stat pass="15" fail="0" skip="0" id="s1-s3" name="changeUsersTest">openBasidiTest &amp; usersTest &amp; changeUsersTest &amp; deleteUsersTest &amp; alarmScreensTest &amp; createAlarm &amp; cardsTest.changeUsersTest</stat>
<stat pass="3" fail="0" skip="0" id="s1-s4" name="deleteUsersTest">openBasidiTest &amp; usersTest &amp; changeUsersTest &amp; deleteUsersTest &amp; alarmScreensTest &amp; createAlarm &amp; cardsTest.deleteUsersTest</stat>
<stat pass="8" fail="0" skip="0" id="s1-s5" name="alarmScreensTest">openBasidiTest &amp; usersTest &amp; changeUsersTest &amp; deleteUsersTest &amp; alarmScreensTest &amp; createAlarm &amp; cardsTest.alarmScreensTest</stat>
<stat pass="2" fail="0" skip="0" id="s1-s6" name="createAlarm">openBasidiTest &amp; usersTest &amp; changeUsersTest &amp; deleteUsersTest &amp; alarmScreensTest &amp; createAlarm &amp; cardsTest.createAlarm</stat>
<stat pass="24" fail="0" skip="0" id="s1-s7" name="cardsTest">openBasidiTest &amp; usersTest &amp; changeUsersTest &amp; deleteUsersTest &amp; alarmScreensTest &amp; createAlarm &amp; cardsTest.cardsTest</stat>
</suite>
</statistics>
<errors>
</errors>
</robot>
