<?xml version="1.0" encoding="UTF-8"?>
<robot generator="Robot 4.1.2 (Python 3.10.0 on win32)" generated="20220131 18:51:19.019" rpa="false" schemaversion="2">
<suite id="s1" name="Cenario1" source="C:\Users\radek\Documents\GitHub\SISCON_SmokeTest\tests\cenario1.robot">
<test id="s1-t1" name="Cenário 1 : Validar criação de outages por Tcall">
<kw name="Add Needed Image Path" library="base" type="SETUP">
<kw name="Add Image Path" library="SikuliLibrary">
<arg>${IMAGE_DIR}</arg>
<doc>Add image path</doc>
<status status="PASS" starttime="20220131 18:51:21.864" endtime="20220131 18:51:21.881"/>
</kw>
<status status="PASS" starttime="20220131 18:51:21.863" endtime="20220131 18:51:21.881"/>
</kw>
<kw name="Dado que estou logado no sistema" library="base">
<kw name="Screen Should Contain" library="SikuliLibrary">
<arg>spectrum-conectado.png</arg>
<doc>Screen should contain</doc>
<msg timestamp="20220131 18:51:22.356" level="INFO" html="true">&lt;img src='sikuli_captured/sikuliximage-1643665882347.png'/&gt;</msg>
<status status="PASS" starttime="20220131 18:51:21.882" endtime="20220131 18:51:22.356"/>
</kw>
<status status="PASS" starttime="20220131 18:51:21.881" endtime="20220131 18:51:22.356"/>
</kw>
<kw name="E estou na aba &quot;DISTRIBUIÇÃO&quot;" library="base">
<kw name="Get Image Coordinates" library="SikuliLibrary">
<var>${imageCoordinates}</var>
<arg>spectrum-distribuição.png</arg>
<doc>Get Image Coordinates</doc>
<msg timestamp="20220131 18:51:22.642" level="INFO">${imageCoordinates} = [445, 102, 144, 51]</msg>
<status status="PASS" starttime="20220131 18:51:22.357" endtime="20220131 18:51:22.642"/>
</kw>
<kw name="Click Region" library="SikuliLibrary">
<arg>${imageCoordinates}</arg>
<doc>Click region</doc>
<msg timestamp="20220131 18:51:26.331" level="INFO" html="true">&lt;img src='sikuli_captured/sikuliximage-1643665882662.png'/&gt;
[log] CLICK on L[517,127]@S(0) (560 msec)</msg>
<msg timestamp="20220131 18:51:26.331" level="INFO" html="true">&lt;img src='sikuli_captured/sikuliximage-1643665886304.png'/&gt;</msg>
<status status="PASS" starttime="20220131 18:51:22.642" endtime="20220131 18:51:26.331"/>
</kw>
<kw name="Wait Until Screen Contain" library="SikuliLibrary">
<arg>spectrum-distribuição-interno.png</arg>
<arg>${TEMPO}</arg>
<doc>Wait until screen contain
 Wait until image shown in screen</doc>
<msg timestamp="20220131 18:51:36.623" level="INFO" html="true">&lt;img src='sikuli_captured/sikuliximage-1643665896465.png'/&gt;</msg>
<msg timestamp="20220131 18:51:36.623" level="FAIL">com.github.rainmanwy.robotframework.sikulilib.exceptions.TimeoutException: Timeout happened, could not find P(spectrum-distribuição-interno.png) S: 0.699999988079071</msg>
<status status="FAIL" starttime="20220131 18:51:26.331" endtime="20220131 18:51:36.623"/>
</kw>
<kw name="Screen Should Contain" library="SikuliLibrary">
<arg>spectrum-distribuição-chamada.png</arg>
<doc>Screen should contain</doc>
<status status="NOT RUN" starttime="20220131 18:51:36.624" endtime="20220131 18:51:36.624"/>
</kw>
<status status="FAIL" starttime="20220131 18:51:22.357" endtime="20220131 18:51:36.624"/>
</kw>
<kw name="Quando gero um nova &quot;CHAMADA&quot;" library="base">
<status status="NOT RUN" starttime="20220131 18:51:36.625" endtime="20220131 18:51:36.625"/>
</kw>
<kw name="E busca cliente" library="base">
<status status="NOT RUN" starttime="20220131 18:51:36.625" endtime="20220131 18:51:36.625"/>
</kw>
<kw name="E preenche estado" library="base">
<status status="NOT RUN" starttime="20220131 18:51:36.625" endtime="20220131 18:51:36.625"/>
</kw>
<kw name="Então aparece a nova CHAMADA no grid" library="base">
<status status="NOT RUN" starttime="20220131 18:51:36.626" endtime="20220131 18:51:36.626"/>
</kw>
<kw name="E Fecha página Chamadas" library="base">
<status status="NOT RUN" starttime="20220131 18:51:36.626" endtime="20220131 18:51:36.626"/>
</kw>
<tag>Smoke</tag>
<status status="FAIL" starttime="20220131 18:51:21.862" endtime="20220131 18:51:36.626">com.github.rainmanwy.robotframework.sikulilib.exceptions.TimeoutException: Timeout happened, could not find P(spectrum-distribuição-interno.png) S: 0.699999988079071</status>
</test>
<test id="s1-t2" name="Cenário 2 : Validar criação de fussy outages">
<kw name="Add Needed Image Path" library="base" type="SETUP">
<kw name="Add Image Path" library="SikuliLibrary">
<arg>${IMAGE_DIR}</arg>
<doc>Add image path</doc>
<status status="PASS" starttime="20220131 18:51:36.628" endtime="20220131 18:51:36.633"/>
</kw>
<status status="PASS" starttime="20220131 18:51:36.628" endtime="20220131 18:51:36.633"/>
</kw>
<kw name="Dado que estou logado no sistema" library="base">
<kw name="Screen Should Contain" library="SikuliLibrary">
<arg>spectrum-conectado.png</arg>
<doc>Screen should contain</doc>
<msg timestamp="20220131 18:51:36.913" level="INFO" html="true">&lt;img src='sikuli_captured/sikuliximage-1643665896905.png'/&gt;</msg>
<status status="PASS" starttime="20220131 18:51:36.634" endtime="20220131 18:51:36.913"/>
</kw>
<status status="PASS" starttime="20220131 18:51:36.634" endtime="20220131 18:51:36.913"/>
</kw>
<kw name="E estou na aba &quot;DISTRIBUIÇÃO&quot;" library="base">
<kw name="Get Image Coordinates" library="SikuliLibrary">
<var>${imageCoordinates}</var>
<arg>spectrum-distribuição.png</arg>
<doc>Get Image Coordinates</doc>
<msg timestamp="20220131 18:51:37.162" level="INFO">${imageCoordinates} = [445, 102, 144, 51]</msg>
<status status="PASS" starttime="20220131 18:51:36.913" endtime="20220131 18:51:37.162"/>
</kw>
<kw name="Click Region" library="SikuliLibrary">
<arg>${imageCoordinates}</arg>
<doc>Click region</doc>
<msg timestamp="20220131 18:51:40.320" level="INFO" html="true">&lt;img src='sikuli_captured/sikuliximage-1643665897187.png'/&gt;
[log] CLICK on L[517,127]@S(0) (69 msec)</msg>
<msg timestamp="20220131 18:51:40.320" level="INFO" html="true">&lt;img src='sikuli_captured/sikuliximage-1643665900308.png'/&gt;</msg>
<status status="PASS" starttime="20220131 18:51:37.162" endtime="20220131 18:51:40.320"/>
</kw>
<kw name="Wait Until Screen Contain" library="SikuliLibrary">
<arg>spectrum-distribuição-interno.png</arg>
<arg>${TEMPO}</arg>
<doc>Wait until screen contain
 Wait until image shown in screen</doc>
<msg timestamp="20220131 18:51:50.580" level="INFO" html="true">&lt;img src='sikuli_captured/sikuliximage-1643665910464.png'/&gt;</msg>
<msg timestamp="20220131 18:51:50.580" level="FAIL">com.github.rainmanwy.robotframework.sikulilib.exceptions.TimeoutException: Timeout happened, could not find P(spectrum-distribuição-interno.png) S: 0.699999988079071</msg>
<status status="FAIL" starttime="20220131 18:51:40.321" endtime="20220131 18:51:50.580"/>
</kw>
<kw name="Screen Should Contain" library="SikuliLibrary">
<arg>spectrum-distribuição-chamada.png</arg>
<doc>Screen should contain</doc>
<status status="NOT RUN" starttime="20220131 18:51:50.580" endtime="20220131 18:51:50.581"/>
</kw>
<status status="FAIL" starttime="20220131 18:51:36.913" endtime="20220131 18:51:50.581"/>
</kw>
<kw name="Quando gero um nova &quot;CHAMADA&quot;" library="base">
<status status="NOT RUN" starttime="20220131 18:51:50.581" endtime="20220131 18:51:50.582"/>
</kw>
<kw name="E preenche estado" library="base">
<status status="NOT RUN" starttime="20220131 18:51:50.582" endtime="20220131 18:51:50.582"/>
</kw>
<kw name="E Fecha página Chamadas" library="base">
<status status="NOT RUN" starttime="20220131 18:51:50.582" endtime="20220131 18:51:50.582"/>
</kw>
<tag>Smoke</tag>
<status status="FAIL" starttime="20220131 18:51:36.627" endtime="20220131 18:51:50.583">com.github.rainmanwy.robotframework.sikulilib.exceptions.TimeoutException: Timeout happened, could not find P(spectrum-distribuição-interno.png) S: 0.699999988079071</status>
</test>
<status status="FAIL" starttime="20220131 18:51:19.020" endtime="20220131 18:51:50.584"/>
</suite>
<statistics>
<total>
<stat pass="0" fail="2" skip="0">All Tests</stat>
</total>
<tag>
<stat pass="0" fail="2" skip="0">Smoke</stat>
</tag>
<suite>
<stat pass="0" fail="2" skip="0" id="s1" name="Cenario1">Cenario1</stat>
</suite>
</statistics>
<errors>
</errors>
</robot>
